{
  "stats": {
    "suites": 1,
    "tests": 2,
    "passes": 2,
    "pending": 0,
    "failures": 0,
    "start": "2024-05-16T21:20:29.516Z",
    "end": "2024-05-16T21:20:38.077Z",
    "duration": 8561,
    "testsRegistered": 2,
    "passPercent": 100,
    "pendingPercent": 0,
    "other": 0,
    "hasOther": false,
    "skipped": 0,
    "hasSkipped": false
  },
  "results": [
    {
      "uuid": "5a9857c9-b4c5-4b86-9708-93122505786d",
      "title": "",
      "fullFile": "cypress\\e2e\\TS_006_OperatorOverloading.cy.js",
      "file": "cypress\\e2e\\TS_006_OperatorOverloading.cy.js",
      "beforeHooks": [],
      "afterHooks": [],
      "tests": [],
      "suites": [
        {
          "uuid": "e7b0c6d4-cb9b-4876-83b1-d9e56a4b414b",
          "title": "GoogleCalculatorTest_Operator Overloading",
          "fullFile": "",
          "file": "",
          "beforeHooks": [],
          "afterHooks": [],
          "tests": [
            {
              "title": "TC_001:Check \"-\" on \"+\"",
              "fullTitle": "GoogleCalculatorTest_Operator Overloading TC_001:Check \"-\" on \"+\"",
              "timedOut": null,
              "duration": 4374,
              "state": "passed",
              "speed": "fast",
              "pass": true,
              "fail": false,
              "pending": false,
              "context": null,
              "code": "// Type: 1 + , then press  - , Check value 1 -\ncy.get('[jsname=\"N10B9\"]').click(); //1\ncy.get('[jsname=\"XSr6wc\"]').click(); //+\n// Verify the result is 1 +\ncy.get('#cwos').should('include.text', '1 +');\n//Click on -\ncy.get('[jsname=\"pPHzQc\"]').click(); //-\n// Verify the result is 1 -\ncy.get('#cwos').should('include.text', '1 -');\n// Addition test completed\ncy.logSuccess('TC_001: Completed!!');",
              "err": {},
              "uuid": "eb6189d9-762e-44dd-a249-25efda4895ee",
              "parentUUID": "e7b0c6d4-cb9b-4876-83b1-d9e56a4b414b",
              "isHook": false,
              "skipped": false
            },
            {
              "title": "TC_002:Check \"x\" on \"÷ \"",
              "fullTitle": "GoogleCalculatorTest_Operator Overloading TC_002:Check \"x\" on \"÷ \"",
              "timedOut": null,
              "duration": 3609,
              "state": "passed",
              "speed": "fast",
              "pass": true,
              "fail": false,
              "pending": false,
              "context": null,
              "code": "// Type: 1 X , then press  ÷  , Check value 1 ÷ \ncy.get('[jsname=\"N10B9\"]').click(); //1\ncy.get('[jsname=\"YovRWb\"]').click(); //x\n// Verify the result is 1 x\ncy.get('#cwos').should('include.text', '1 ×');\n//Click on ÷ \ncy.get('[jsname=\"WxTTNd\"]').click(); //÷ \n// Verify the result is 1 ÷ \ncy.get('#cwos').should('include.text', '1 ÷');\n// Addition test completed\ncy.logSuccess('TC_002: Completed!!');",
              "err": {},
              "uuid": "71ed8b00-db70-45c8-a9f6-049570f82482",
              "parentUUID": "e7b0c6d4-cb9b-4876-83b1-d9e56a4b414b",
              "isHook": false,
              "skipped": false
            }
          ],
          "suites": [],
          "passes": [
            "eb6189d9-762e-44dd-a249-25efda4895ee",
            "71ed8b00-db70-45c8-a9f6-049570f82482"
          ],
          "failures": [],
          "pending": [],
          "skipped": [],
          "duration": 7983,
          "root": false,
          "rootEmpty": false,
          "_timeout": 2000
        }
      ],
      "passes": [],
      "failures": [],
      "pending": [],
      "skipped": [],
      "duration": 0,
      "root": true,
      "rootEmpty": true,
      "_timeout": 2000
    }
  ],
  "meta": {
    "mocha": {
      "version": "7.0.1"
    },
    "mochawesome": {
      "options": {
        "quiet": false,
        "reportFilename": "mochawesome",
        "saveHtml": true,
        "saveJson": true,
        "consoleReporter": "spec",
        "useInlineDiffs": false,
        "code": true
      },
      "version": "7.1.3"
    },
    "marge": {
      "options": {
        "reportDir": "cypress/reports",
        "overwrite": false,
        "html": true,
        "json": true
      },
      "version": "6.2.0"
    }
  }
}