{
  "stats": {
    "suites": 1,
    "tests": 4,
    "passes": 4,
    "pending": 0,
    "failures": 0,
    "start": "2024-05-16T21:37:38.995Z",
    "end": "2024-05-16T21:37:56.339Z",
    "duration": 17344,
    "testsRegistered": 4,
    "passPercent": 100,
    "pendingPercent": 0,
    "other": 0,
    "hasOther": false,
    "skipped": 0,
    "hasSkipped": false
  },
  "results": [
    {
      "uuid": "fde82460-5a7a-40dd-9241-53f734c0d4ca",
      "title": "",
      "fullFile": "cypress\\e2e\\TS_004_MultiplyFunctionality.cy.js",
      "file": "cypress\\e2e\\TS_004_MultiplyFunctionality.cy.js",
      "beforeHooks": [],
      "afterHooks": [],
      "tests": [],
      "suites": [
        {
          "uuid": "aafb84a9-5380-494b-bae9-c7ddabc4c94a",
          "title": "GoogleCalculatorTest_Multiplication",
          "fullFile": "",
          "file": "",
          "beforeHooks": [],
          "afterHooks": [],
          "tests": [
            {
              "title": "TC_001:Perform Multiplication Operation using Google calculator: 4 x 6 = 24",
              "fullTitle": "GoogleCalculatorTest_Multiplication TC_001:Perform Multiplication Operation using Google calculator: 4 x 6 = 24",
              "timedOut": null,
              "duration": 4519,
              "state": "passed",
              "speed": "fast",
              "pass": true,
              "fail": false,
              "pending": false,
              "context": null,
              "code": "const selectors = ['[jsname=\"xAP7E\"]', '[jsname=\"YovRWb\"]', '[jsname=\"abcgof\"]', '[jsname=\"Pt8tGc\"]'];\n// Loop through the array and click each element\nselectors.forEach(selector => {\n  cy.get(selector).click();\n});\n//  Verify the result is 24\ncy.get('#cwos').should('have.text', '24');\n// Multiplication test completed\ncy.logSuccess('TC_001: Completed!!');",
              "err": {},
              "uuid": "7be23125-1cfd-4075-b459-c5bb0bb07e1a",
              "parentUUID": "aafb84a9-5380-494b-bae9-c7ddabc4c94a",
              "isHook": false,
              "skipped": false
            },
            {
              "title": "TC_002:Multiplication with 0: 4 x 0 = 0 ",
              "fullTitle": "GoogleCalculatorTest_Multiplication TC_002:Multiplication with 0: 4 x 0 = 0 ",
              "timedOut": null,
              "duration": 3519,
              "state": "passed",
              "speed": "fast",
              "pass": true,
              "fail": false,
              "pending": false,
              "context": null,
              "code": "const selectors = ['[jsname=\"xAP7E\"]', '[jsname=\"YovRWb\"]', '[jsname=\"bkEvMb\"]', '[jsname=\"Pt8tGc\"]'];\n// Loop through the array and click each element\nselectors.forEach(selector => {\n  cy.get(selector).click();\n});\n// Verify the result is 0\ncy.get('#cwos').should('have.text', '0');\n// Multiplication test completed\ncy.logSuccess('TC_002:Completed!!');",
              "err": {},
              "uuid": "39c42a4b-ecdf-4d9c-8650-da9904bfdb98",
              "parentUUID": "aafb84a9-5380-494b-bae9-c7ddabc4c94a",
              "isHook": false,
              "skipped": false
            },
            {
              "title": "TC_003:Multiplication of two negative number : -5x-2=10",
              "fullTitle": "GoogleCalculatorTest_Multiplication TC_003:Multiplication of two negative number : -5x-2=10",
              "timedOut": null,
              "duration": 4362,
              "state": "passed",
              "speed": "fast",
              "pass": true,
              "fail": false,
              "pending": false,
              "context": null,
              "code": "const selectors = ['[jsname=\"pPHzQc\"]', '[jsname=\"Ax5wH\"]', '[jsname=\"YovRWb\"]', '[jsname=\"pPHzQc\"]', '[jsname=\"lVjWed\"]'];\n// Loop through the array and click each element\nselectors.forEach(selector => {\n  cy.get(selector).click();\n});\n// Verify the result is 0\ncy.get('#cwos').should('have.text', '-5 × -2');\n// Press Enter\ncy.get('[jsname=\"Pt8tGc\"]').click(); //=\n// Verify the result is -15\ncy.get('#cwos').should('have.text', '10');\n// Multiplication test completed\ncy.logSuccess('TC_003:Completed!!');",
              "err": {},
              "uuid": "a0f7f0fe-d1a3-42a9-a909-acab6b06e3d6",
              "parentUUID": "aafb84a9-5380-494b-bae9-c7ddabc4c94a",
              "isHook": false,
              "skipped": false
            },
            {
              "title": "TC_004:Multiplication of one negative number and one positive number: -5x6=-30",
              "fullTitle": "GoogleCalculatorTest_Multiplication TC_004:Multiplication of one negative number and one positive number: -5x6=-30",
              "timedOut": null,
              "duration": 3752,
              "state": "passed",
              "speed": "fast",
              "pass": true,
              "fail": false,
              "pending": false,
              "context": null,
              "code": "const selectors = ['[jsname=\"pPHzQc\"]', '[jsname=\"Ax5wH\"]', '[jsname=\"YovRWb\"]', '[jsname=\"abcgof\"]'];\n// Loop through the array and click each element\nselectors.forEach(selector => {\n  cy.get(selector).click();\n});\n// Verify the result is 0\ncy.get('#cwos').should('have.text', '-5 × 6');\n// Press Enter\ncy.get('[jsname=\"Pt8tGc\"]').click(); //=\n// Verify the result is -15\ncy.get('#cwos').should('have.text', '-30');\n// Multiplication test completed\ncy.logSuccess('TC_004:Completed!!');",
              "err": {},
              "uuid": "c073190b-f814-4e74-8c18-50a4639c0c42",
              "parentUUID": "aafb84a9-5380-494b-bae9-c7ddabc4c94a",
              "isHook": false,
              "skipped": false
            }
          ],
          "suites": [],
          "passes": [
            "7be23125-1cfd-4075-b459-c5bb0bb07e1a",
            "39c42a4b-ecdf-4d9c-8650-da9904bfdb98",
            "a0f7f0fe-d1a3-42a9-a909-acab6b06e3d6",
            "c073190b-f814-4e74-8c18-50a4639c0c42"
          ],
          "failures": [],
          "pending": [],
          "skipped": [],
          "duration": 16152,
          "root": false,
          "rootEmpty": false,
          "_timeout": 2000
        }
      ],
      "passes": [],
      "failures": [],
      "pending": [],
      "skipped": [],
      "duration": 0,
      "root": true,
      "rootEmpty": true,
      "_timeout": 2000
    }
  ],
  "meta": {
    "mocha": {
      "version": "7.0.1"
    },
    "mochawesome": {
      "options": {
        "quiet": false,
        "reportFilename": "mochawesome",
        "saveHtml": true,
        "saveJson": true,
        "consoleReporter": "spec",
        "useInlineDiffs": false,
        "code": true
      },
      "version": "7.1.3"
    },
    "marge": {
      "options": {
        "reportDir": "cypress/reports",
        "overwrite": false,
        "html": true,
        "json": true
      },
      "version": "6.2.0"
    }
  }
}