{
  "stats": {
    "suites": 1,
    "tests": 2,
    "passes": 2,
    "pending": 0,
    "failures": 0,
    "start": "2024-05-17T01:01:31.456Z",
    "end": "2024-05-17T01:01:38.972Z",
    "duration": 7516,
    "testsRegistered": 2,
    "passPercent": 100,
    "pendingPercent": 0,
    "other": 0,
    "hasOther": false,
    "skipped": 0,
    "hasSkipped": false
  },
  "results": [
    {
      "uuid": "cc0bdf77-ab0b-42a5-952b-26b7e51a0581",
      "title": "",
      "fullFile": "cypress\\e2e\\TS_006_OperatorOverloading.cy.js",
      "file": "cypress\\e2e\\TS_006_OperatorOverloading.cy.js",
      "beforeHooks": [],
      "afterHooks": [],
      "tests": [],
      "suites": [
        {
          "uuid": "62331300-9dbe-4cdf-a66b-c3450ef7e16b",
          "title": "GoogleCalculatorTest_Operator Overloading",
          "fullFile": "",
          "file": "",
          "beforeHooks": [],
          "afterHooks": [],
          "tests": [
            {
              "title": "TC_001:Check \"-\" on \"+\"",
              "fullTitle": "GoogleCalculatorTest_Operator Overloading TC_001:Check \"-\" on \"+\"",
              "timedOut": null,
              "duration": 3497,
              "state": "passed",
              "speed": "fast",
              "pass": true,
              "fail": false,
              "pending": false,
              "context": null,
              "code": "// Type: 1 + , then press  - , Check value 1 -\ncy.get('[jsname=\"N10B9\"]').click(); //1\ncy.get('[jsname=\"XSr6wc\"]').click(); //+\n// Verify the result is 1 +\ncy.get('#cwos').should('include.text', '1 +');\n//Click on -\ncy.get('[jsname=\"pPHzQc\"]').click(); //-\n// Verify the result is 1 -\ncy.get('#cwos').should('include.text', '1 -');\n// Addition test completed\ncy.logSuccess('TC_001: Completed!!');",
              "err": {},
              "uuid": "f6fd4386-d5d4-473b-9981-7061d537714f",
              "parentUUID": "62331300-9dbe-4cdf-a66b-c3450ef7e16b",
              "isHook": false,
              "skipped": false
            },
            {
              "title": "TC_002:Check \"x\" on \"÷ \"",
              "fullTitle": "GoogleCalculatorTest_Operator Overloading TC_002:Check \"x\" on \"÷ \"",
              "timedOut": null,
              "duration": 3448,
              "state": "passed",
              "speed": "fast",
              "pass": true,
              "fail": false,
              "pending": false,
              "context": null,
              "code": "// Type: 1 X , then press  ÷  , Check value 1 ÷ \ncy.get('[jsname=\"N10B9\"]').click(); //1\ncy.get('[jsname=\"YovRWb\"]').click(); //x\n// Verify the result is 1 x\ncy.get('#cwos').should('include.text', '1 ×');\n//Click on ÷ \ncy.get('[jsname=\"WxTTNd\"]').click(); //÷ \n// Verify the result is 1 ÷ \ncy.get('#cwos').should('include.text', '1 ÷');\n// Addition test completed\ncy.logSuccess('TC_002: Completed!!');",
              "err": {},
              "uuid": "573b3aae-2b32-47ae-8fb8-18e138c3b294",
              "parentUUID": "62331300-9dbe-4cdf-a66b-c3450ef7e16b",
              "isHook": false,
              "skipped": false
            }
          ],
          "suites": [],
          "passes": [
            "f6fd4386-d5d4-473b-9981-7061d537714f",
            "573b3aae-2b32-47ae-8fb8-18e138c3b294"
          ],
          "failures": [],
          "pending": [],
          "skipped": [],
          "duration": 6945,
          "root": false,
          "rootEmpty": false,
          "_timeout": 2000
        }
      ],
      "passes": [],
      "failures": [],
      "pending": [],
      "skipped": [],
      "duration": 0,
      "root": true,
      "rootEmpty": true,
      "_timeout": 2000
    }
  ],
  "meta": {
    "mocha": {
      "version": "7.0.1"
    },
    "mochawesome": {
      "options": {
        "quiet": false,
        "reportFilename": "mochawesome",
        "saveHtml": true,
        "saveJson": true,
        "consoleReporter": "spec",
        "useInlineDiffs": false,
        "code": true
      },
      "version": "7.1.3"
    },
    "marge": {
      "options": {
        "reportDir": "cypress/reports",
        "overwrite": false,
        "html": true,
        "json": true
      },
      "version": "6.2.0"
    }
  }
}