{
  "stats": {
    "suites": 1,
    "tests": 4,
    "passes": 4,
    "pending": 0,
    "failures": 0,
    "start": "2024-05-16T21:19:02.915Z",
    "end": "2024-05-16T21:19:23.491Z",
    "duration": 20576,
    "testsRegistered": 4,
    "passPercent": 100,
    "pendingPercent": 0,
    "other": 0,
    "hasOther": false,
    "skipped": 0,
    "hasSkipped": false
  },
  "results": [
    {
      "uuid": "d7b51811-cbbe-43cc-aaf3-d2d8eb318172",
      "title": "",
      "fullFile": "cypress\\e2e\\TS_002_AddFunctionality.cy.js",
      "file": "cypress\\e2e\\TS_002_AddFunctionality.cy.js",
      "beforeHooks": [],
      "afterHooks": [],
      "tests": [],
      "suites": [
        {
          "uuid": "5678c2c2-3008-4451-bccd-5831e52753a3",
          "title": "GoogleCalculatorTest_Addition",
          "fullFile": "",
          "file": "",
          "beforeHooks": [],
          "afterHooks": [],
          "tests": [
            {
              "title": "TC_001:Perform Add Operation using Google calculator: 1 + 2 =3 ",
              "fullTitle": "GoogleCalculatorTest_Addition TC_001:Perform Add Operation using Google calculator: 1 + 2 =3 ",
              "timedOut": null,
              "duration": 6307,
              "state": "passed",
              "speed": "medium",
              "pass": true,
              "fail": false,
              "pending": false,
              "context": null,
              "code": "const selectors = ['[jsname=\"N10B9\"]', '[jsname=\"XSr6wc\"]', '[jsname=\"lVjWed\"]', '[jsname=\"Pt8tGc\"]'];\n// Loop through the array and click each element\nselectors.forEach(selector => {\n  cy.get(selector).click();\n});\n// Verify the result is 3\ncy.get('#cwos').should('have.text', '3');\n// Addition test completed\ncy.logSuccess('TC_001: Completed!!');",
              "err": {},
              "uuid": "d5de1429-1a70-4a5f-867b-3fac33b0845b",
              "parentUUID": "5678c2c2-3008-4451-bccd-5831e52753a3",
              "isHook": false,
              "skipped": false
            },
            {
              "title": "TC_002:Addition of 0 : 1 + 0 = 1 ",
              "fullTitle": "GoogleCalculatorTest_Addition TC_002:Addition of 0 : 1 + 0 = 1 ",
              "timedOut": null,
              "duration": 4962,
              "state": "passed",
              "speed": "fast",
              "pass": true,
              "fail": false,
              "pending": false,
              "context": null,
              "code": "const selectors = ['[jsname=\"N10B9\"]', '[jsname=\"XSr6wc\"]', '[jsname=\"bkEvMb\"]', '[jsname=\"Pt8tGc\"]'];\n// Loop through the array and click each element\nselectors.forEach(selector => {\n  cy.get(selector).click();\n});\n// Verify the result is 1\ncy.get('#cwos').should('have.text', '1');\n// Addition test completed\ncy.logSuccess('TC_002: Completed!!');",
              "err": {},
              "uuid": "ba24787b-9f37-4742-af2f-1b2b64e4740e",
              "parentUUID": "5678c2c2-3008-4451-bccd-5831e52753a3",
              "isHook": false,
              "skipped": false
            },
            {
              "title": "TC_003:Addition of two negative number : -2 -3 = -5",
              "fullTitle": "GoogleCalculatorTest_Addition TC_003:Addition of two negative number : -2 -3 = -5",
              "timedOut": null,
              "duration": 4049,
              "state": "passed",
              "speed": "fast",
              "pass": true,
              "fail": false,
              "pending": false,
              "context": null,
              "code": "const selectors = ['[jsname=\"pPHzQc\"]', '[jsname=\"lVjWed\"]', '[jsname=\"XSr6wc\"]', '[jsname=\"pPHzQc\"]', '[jsname=\"KN1kY\"]'];\n// Loop through the array and click each element\nselectors.forEach(selector => {\n  cy.get(selector).click();\n});\n//check entry as \"-2-3\"\ncy.get('#cwos').should('have.text', '-2 - 3');\n//Press Enter\ncy.get('[jsname=\"Pt8tGc\"]').click(); //=\n// Verify the result is -5\ncy.get('#cwos').should('have.text', '-5');\n// Addition test completed\ncy.logSuccess('TC_003: Completed!!');",
              "err": {},
              "uuid": "6dc996eb-424d-4909-8dcc-aa435b4ae8a5",
              "parentUUID": "5678c2c2-3008-4451-bccd-5831e52753a3",
              "isHook": false,
              "skipped": false
            },
            {
              "title": "TC_004:Addition of one negative number and positive number : -6 + 3 = -3",
              "fullTitle": "GoogleCalculatorTest_Addition TC_004:Addition of one negative number and positive number : -6 + 3 = -3",
              "timedOut": null,
              "duration": 3804,
              "state": "passed",
              "speed": "fast",
              "pass": true,
              "fail": false,
              "pending": false,
              "context": null,
              "code": "const selectors = ['[jsname=\"pPHzQc\"]', '[jsname=\"abcgof\"]', '[jsname=\"XSr6wc\"]', '[jsname=\"KN1kY\"]'];\n// Loop through the array and click each element\nselectors.forEach(selector => {\n  cy.get(selector).click();\n});\n// check entry as \"-6+3\"\ncy.get('#cwos').should('have.text', '-6 + 3');\n// Press Enter\ncy.get('[jsname=\"Pt8tGc\"]').click(); //=\n// Verify the result is -3\ncy.get('#cwos').should('have.text', '-3');\n// Addition test completed\ncy.logSuccess('TC_004: Completed!!');",
              "err": {},
              "uuid": "41dd4c51-6cf1-443d-9b50-5efa6d702c82",
              "parentUUID": "5678c2c2-3008-4451-bccd-5831e52753a3",
              "isHook": false,
              "skipped": false
            }
          ],
          "suites": [],
          "passes": [
            "d5de1429-1a70-4a5f-867b-3fac33b0845b",
            "ba24787b-9f37-4742-af2f-1b2b64e4740e",
            "6dc996eb-424d-4909-8dcc-aa435b4ae8a5",
            "41dd4c51-6cf1-443d-9b50-5efa6d702c82"
          ],
          "failures": [],
          "pending": [],
          "skipped": [],
          "duration": 19122,
          "root": false,
          "rootEmpty": false,
          "_timeout": 2000
        }
      ],
      "passes": [],
      "failures": [],
      "pending": [],
      "skipped": [],
      "duration": 0,
      "root": true,
      "rootEmpty": true,
      "_timeout": 2000
    }
  ],
  "meta": {
    "mocha": {
      "version": "7.0.1"
    },
    "mochawesome": {
      "options": {
        "quiet": false,
        "reportFilename": "mochawesome",
        "saveHtml": true,
        "saveJson": true,
        "consoleReporter": "spec",
        "useInlineDiffs": false,
        "code": true
      },
      "version": "7.1.3"
    },
    "marge": {
      "options": {
        "reportDir": "cypress/reports",
        "overwrite": false,
        "html": true,
        "json": true
      },
      "version": "6.2.0"
    }
  }
}