{
  "stats": {
    "suites": 1,
    "tests": 4,
    "passes": 4,
    "pending": 0,
    "failures": 0,
    "start": "2024-05-16T21:19:26.225Z",
    "end": "2024-05-16T21:19:46.326Z",
    "duration": 20101,
    "testsRegistered": 4,
    "passPercent": 100,
    "pendingPercent": 0,
    "other": 0,
    "hasOther": false,
    "skipped": 0,
    "hasSkipped": false
  },
  "results": [
    {
      "uuid": "78ed82eb-0568-4d9e-9176-cded72208764",
      "title": "",
      "fullFile": "cypress\\e2e\\TS_003_SubtractionFunctionality.cy.js",
      "file": "cypress\\e2e\\TS_003_SubtractionFunctionality.cy.js",
      "beforeHooks": [],
      "afterHooks": [],
      "tests": [],
      "suites": [
        {
          "uuid": "22fa53c2-8782-4435-bfc7-f002fd979b99",
          "title": "GoogleCalculatorTest_Subtraction",
          "fullFile": "",
          "file": "",
          "beforeHooks": [],
          "afterHooks": [],
          "tests": [
            {
              "title": "TC_001:Perform Subtraction Operation using Google calculator: 5 - 3 = 2",
              "fullTitle": "GoogleCalculatorTest_Subtraction TC_001:Perform Subtraction Operation using Google calculator: 5 - 3 = 2",
              "timedOut": null,
              "duration": 4321,
              "state": "passed",
              "speed": "fast",
              "pass": true,
              "fail": false,
              "pending": false,
              "context": null,
              "code": "const selectors = ['[jsname=\"Ax5wH\"]', '[jsname=\"pPHzQc\"]', '[jsname=\"KN1kY\"]', '[jsname=\"Pt8tGc\"]'];\n// Loop through the array and click each element\nselectors.forEach(selector => {\n  cy.get(selector).click();\n});\n// Verify the result is 2\ncy.get('#cwos').should('have.text', '2');\n// Subtraction test completed\ncy.logSuccess('TC_001: Completed');",
              "err": {},
              "uuid": "07498404-b63d-4fbe-acd1-54ec7287c080",
              "parentUUID": "22fa53c2-8782-4435-bfc7-f002fd979b99",
              "isHook": false,
              "skipped": false
            },
            {
              "title": "TC_002: Validate negative result with 3-5 = -2",
              "fullTitle": "GoogleCalculatorTest_Subtraction TC_002: Validate negative result with 3-5 = -2",
              "timedOut": null,
              "duration": 4753,
              "state": "passed",
              "speed": "fast",
              "pass": true,
              "fail": false,
              "pending": false,
              "context": null,
              "code": "const selectors = ['[jsname=\"KN1kY\"]', '[jsname=\"pPHzQc\"]', '[jsname=\"Ax5wH\"]', '[jsname=\"Pt8tGc\"]'];\n// Loop through the array and click each element\nselectors.forEach(selector => {\n  cy.get(selector).click();\n});\n// Verify the result is -2\ncy.get('#cwos').should('have.text', '-2');\n// Subtraction test completed\ncy.logSuccess('TC_002: Completed!!');",
              "err": {},
              "uuid": "44eef706-3b52-4d6a-a327-247f1bbb3853",
              "parentUUID": "22fa53c2-8782-4435-bfc7-f002fd979b99",
              "isHook": false,
              "skipped": false
            },
            {
              "title": "TC_003: Validate Subtraction of two negative number : -7-8 = -15",
              "fullTitle": "GoogleCalculatorTest_Subtraction TC_003: Validate Subtraction of two negative number : -7-8 = -15",
              "timedOut": null,
              "duration": 4688,
              "state": "passed",
              "speed": "fast",
              "pass": true,
              "fail": false,
              "pending": false,
              "context": null,
              "code": "const selectors = ['[jsname=\"pPHzQc\"]', '[jsname=\"rk7bOd\"]', '[jsname=\"pPHzQc\"]', '[jsname=\"pPHzQc\"]', '[jsname=\"T7PMFe\"]'];\n// Loop through the array and click each element\nselectors.forEach(selector => {\n  cy.get(selector).click();\n});\n//check entry as \"-7 -8\"\ncy.get('#cwos').should('have.text', '-7 - 8');\n//Press Enter\ncy.get('[jsname=\"Pt8tGc\"]').click(); //=\n//Verify the result is -15\ncy.get('#cwos').should('have.text', '-15');\n// Subtraction test completed\ncy.logSuccess('TC_003: Completed!!');",
              "err": {},
              "uuid": "dc1566f3-3bb4-4fdf-ac6b-5fe7fad760ea",
              "parentUUID": "22fa53c2-8782-4435-bfc7-f002fd979b99",
              "isHook": false,
              "skipped": false
            },
            {
              "title": "TC_004: Validate Subtraction of one negative number and one positive number: -8-3 =-11",
              "fullTitle": "GoogleCalculatorTest_Subtraction TC_004: Validate Subtraction of one negative number and one positive number: -8-3 =-11",
              "timedOut": null,
              "duration": 5051,
              "state": "passed",
              "speed": "medium",
              "pass": true,
              "fail": false,
              "pending": false,
              "context": null,
              "code": "const selectors = ['[jsname=\"pPHzQc\"]', '[jsname=\"T7PMFe\"]', '[jsname=\"pPHzQc\"]', '[jsname=\"KN1kY\"]'];\n// Loop through the array and click each element\nselectors.forEach(selector => {\n  cy.get(selector).click();\n});\n//check entry as \"-8 - 3\"\ncy.get('#cwos').should('have.text', '-8 - 3');\n//Press Enter\ncy.get('[jsname=\"Pt8tGc\"]').click(); //=\n//Verify the result is -15\ncy.get('#cwos').should('have.text', '-11');\n// Subtraction test completed\ncy.logSuccess('TC_004: Completed!!');",
              "err": {},
              "uuid": "81bfe5ea-0821-464d-b1fe-4eeef0cbdcf1",
              "parentUUID": "22fa53c2-8782-4435-bfc7-f002fd979b99",
              "isHook": false,
              "skipped": false
            }
          ],
          "suites": [],
          "passes": [
            "07498404-b63d-4fbe-acd1-54ec7287c080",
            "44eef706-3b52-4d6a-a327-247f1bbb3853",
            "dc1566f3-3bb4-4fdf-ac6b-5fe7fad760ea",
            "81bfe5ea-0821-464d-b1fe-4eeef0cbdcf1"
          ],
          "failures": [],
          "pending": [],
          "skipped": [],
          "duration": 18813,
          "root": false,
          "rootEmpty": false,
          "_timeout": 2000
        }
      ],
      "passes": [],
      "failures": [],
      "pending": [],
      "skipped": [],
      "duration": 0,
      "root": true,
      "rootEmpty": true,
      "_timeout": 2000
    }
  ],
  "meta": {
    "mocha": {
      "version": "7.0.1"
    },
    "mochawesome": {
      "options": {
        "quiet": false,
        "reportFilename": "mochawesome",
        "saveHtml": true,
        "saveJson": true,
        "consoleReporter": "spec",
        "useInlineDiffs": false,
        "code": true
      },
      "version": "7.1.3"
    },
    "marge": {
      "options": {
        "reportDir": "cypress/reports",
        "overwrite": false,
        "html": true,
        "json": true
      },
      "version": "6.2.0"
    }
  }
}