{
  "stats": {
    "suites": 1,
    "tests": 2,
    "passes": 2,
    "pending": 0,
    "failures": 0,
    "start": "2024-05-16T23:44:33.595Z",
    "end": "2024-05-16T23:44:41.662Z",
    "duration": 8067,
    "testsRegistered": 2,
    "passPercent": 100,
    "pendingPercent": 0,
    "other": 0,
    "hasOther": false,
    "skipped": 0,
    "hasSkipped": false
  },
  "results": [
    {
      "uuid": "872d541a-43ee-4edd-8fdc-e4954f85f25c",
      "title": "",
      "fullFile": "cypress\\e2e\\TS_006_OperatorOverloading.cy.js",
      "file": "cypress\\e2e\\TS_006_OperatorOverloading.cy.js",
      "beforeHooks": [],
      "afterHooks": [],
      "tests": [],
      "suites": [
        {
          "uuid": "1a7fec0b-a167-4d8e-af3c-59b1dbf94dea",
          "title": "GoogleCalculatorTest_Operator Overloading",
          "fullFile": "",
          "file": "",
          "beforeHooks": [],
          "afterHooks": [],
          "tests": [
            {
              "title": "TC_001:Check \"-\" on \"+\"",
              "fullTitle": "GoogleCalculatorTest_Operator Overloading TC_001:Check \"-\" on \"+\"",
              "timedOut": null,
              "duration": 4281,
              "state": "passed",
              "speed": "fast",
              "pass": true,
              "fail": false,
              "pending": false,
              "context": null,
              "code": "// Type: 1 + , then press  - , Check value 1 -\ncy.get('[jsname=\"N10B9\"]').click(); //1\ncy.get('[jsname=\"XSr6wc\"]').click(); //+\n// Verify the result is 1 +\ncy.get('#cwos').should('include.text', '1 +');\n//Click on -\ncy.get('[jsname=\"pPHzQc\"]').click(); //-\n// Verify the result is 1 -\ncy.get('#cwos').should('include.text', '1 -');\n// Addition test completed\ncy.logSuccess('TC_001: Completed!!');",
              "err": {},
              "uuid": "b2842432-25ee-47d6-a5a5-de0ab2e1ea50",
              "parentUUID": "1a7fec0b-a167-4d8e-af3c-59b1dbf94dea",
              "isHook": false,
              "skipped": false
            },
            {
              "title": "TC_002:Check \"x\" on \"÷ \"",
              "fullTitle": "GoogleCalculatorTest_Operator Overloading TC_002:Check \"x\" on \"÷ \"",
              "timedOut": null,
              "duration": 3166,
              "state": "passed",
              "speed": "fast",
              "pass": true,
              "fail": false,
              "pending": false,
              "context": null,
              "code": "// Type: 1 X , then press  ÷  , Check value 1 ÷ \ncy.get('[jsname=\"N10B9\"]').click(); //1\ncy.get('[jsname=\"YovRWb\"]').click(); //x\n// Verify the result is 1 x\ncy.get('#cwos').should('include.text', '1 ×');\n//Click on ÷ \ncy.get('[jsname=\"WxTTNd\"]').click(); //÷ \n// Verify the result is 1 ÷ \ncy.get('#cwos').should('include.text', '1 ÷');\n// Addition test completed\ncy.logSuccess('TC_002: Completed!!');",
              "err": {},
              "uuid": "94e185ad-4426-4d84-aa05-7b5c6c648661",
              "parentUUID": "1a7fec0b-a167-4d8e-af3c-59b1dbf94dea",
              "isHook": false,
              "skipped": false
            }
          ],
          "suites": [],
          "passes": [
            "b2842432-25ee-47d6-a5a5-de0ab2e1ea50",
            "94e185ad-4426-4d84-aa05-7b5c6c648661"
          ],
          "failures": [],
          "pending": [],
          "skipped": [],
          "duration": 7447,
          "root": false,
          "rootEmpty": false,
          "_timeout": 2000
        }
      ],
      "passes": [],
      "failures": [],
      "pending": [],
      "skipped": [],
      "duration": 0,
      "root": true,
      "rootEmpty": true,
      "_timeout": 2000
    }
  ],
  "meta": {
    "mocha": {
      "version": "7.0.1"
    },
    "mochawesome": {
      "options": {
        "quiet": false,
        "reportFilename": "mochawesome",
        "saveHtml": true,
        "saveJson": true,
        "consoleReporter": "spec",
        "useInlineDiffs": false,
        "code": true
      },
      "version": "7.1.3"
    },
    "marge": {
      "options": {
        "reportDir": "cypress/reports",
        "overwrite": false,
        "html": true,
        "json": true
      },
      "version": "6.2.0"
    }
  }
}