{
  "stats": {
    "suites": 1,
    "tests": 2,
    "passes": 2,
    "pending": 0,
    "failures": 0,
    "start": "2024-05-16T21:20:47.344Z",
    "end": "2024-05-16T21:20:57.068Z",
    "duration": 9724,
    "testsRegistered": 2,
    "passPercent": 100,
    "pendingPercent": 0,
    "other": 0,
    "hasOther": false,
    "skipped": 0,
    "hasSkipped": false
  },
  "results": [
    {
      "uuid": "25f73dc5-10b4-4de9-a166-2c0a383e3877",
      "title": "",
      "fullFile": "cypress\\e2e\\TS_008_BODMAS_Rule_Validation.cy.js",
      "file": "cypress\\e2e\\TS_008_BODMAS_Rule_Validation.cy.js",
      "beforeHooks": [],
      "afterHooks": [],
      "tests": [],
      "suites": [
        {
          "uuid": "a5076a2d-f934-487c-90d8-d6d6777e75f2",
          "title": "GoogleCalculatorTest_BODMAS_Rule",
          "fullFile": "",
          "file": "",
          "beforeHooks": [],
          "afterHooks": [],
          "tests": [
            {
              "title": "TC_001:Check 6 + 8 x 2 - 7 = 15 ",
              "fullTitle": "GoogleCalculatorTest_BODMAS_Rule TC_001:Check 6 + 8 x 2 - 7 = 15 ",
              "timedOut": null,
              "duration": 4101,
              "state": "passed",
              "speed": "fast",
              "pass": true,
              "fail": false,
              "pending": false,
              "context": null,
              "code": "const selectors = ['[jsname=\"abcgof\"]', '[jsname=\"XSr6wc\"]', '[jsname=\"T7PMFe\"]', '[jsname=\"YovRWb\"]', '[jsname=\"lVjWed\"]', '[jsname=\"pPHzQc\"]', '[jsname=\"rk7bOd\"]'];\n// Loop through the array and click each element\nselectors.forEach(selector => {\n  cy.get(selector).click();\n});\n// Verify the result is 6 + 8 × 2 - 7\ncy.get('#cwos').should('have.text', '6 + 8 × 2 - 7');\n//Click on =\ncy.get('[jsname=\"Pt8tGc\"]').click(); //=\n// Verify the result is 1 -\ncy.get('#cwos').should('have.text', '15');\n// Addition test completed\ncy.logSuccess('TC_001: Completed!!');",
              "err": {},
              "uuid": "1956f28b-05fd-41c3-9f04-ba1ee208af7c",
              "parentUUID": "a5076a2d-f934-487c-90d8-d6d6777e75f2",
              "isHook": false,
              "skipped": false
            },
            {
              "title": "TC_002:Check 6 + 8 ÷ 2 - 7 = 3",
              "fullTitle": "GoogleCalculatorTest_BODMAS_Rule TC_002:Check 6 + 8 ÷ 2 - 7 = 3",
              "timedOut": null,
              "duration": 5029,
              "state": "passed",
              "speed": "medium",
              "pass": true,
              "fail": false,
              "pending": false,
              "context": null,
              "code": "const selectors = ['[jsname=\"abcgof\"]', '[jsname=\"XSr6wc\"]', '[jsname=\"T7PMFe\"]', '[jsname=\"WxTTNd\"]', '[jsname=\"lVjWed\"]', '[jsname=\"pPHzQc\"]', '[jsname=\"rk7bOd\"]'];\n// Loop through the array and click each element\nselectors.forEach(selector => {\n  cy.get(selector).click();\n});\n// Verify the result is 6 + 8 ÷ 2 - 7\ncy.get('#cwos').should('have.text', '6 + 8 ÷ 2 - 7');\n//Click on ÷=\ncy.get('[jsname=\"Pt8tGc\"]').click(); //÷ \n// Verify the result is 1 ÷ \ncy.get('#cwos').should('have.text', '3');\n// Addition test completed\ncy.logSuccess('TC_002: Completed!!');",
              "err": {},
              "uuid": "c11b3e8a-99af-42cd-8465-0e9cc66d2b4a",
              "parentUUID": "a5076a2d-f934-487c-90d8-d6d6777e75f2",
              "isHook": false,
              "skipped": false
            }
          ],
          "suites": [],
          "passes": [
            "1956f28b-05fd-41c3-9f04-ba1ee208af7c",
            "c11b3e8a-99af-42cd-8465-0e9cc66d2b4a"
          ],
          "failures": [],
          "pending": [],
          "skipped": [],
          "duration": 9130,
          "root": false,
          "rootEmpty": false,
          "_timeout": 2000
        }
      ],
      "passes": [],
      "failures": [],
      "pending": [],
      "skipped": [],
      "duration": 0,
      "root": true,
      "rootEmpty": true,
      "_timeout": 2000
    }
  ],
  "meta": {
    "mocha": {
      "version": "7.0.1"
    },
    "mochawesome": {
      "options": {
        "quiet": false,
        "reportFilename": "mochawesome",
        "saveHtml": true,
        "saveJson": true,
        "consoleReporter": "spec",
        "useInlineDiffs": false,
        "code": true
      },
      "version": "7.1.3"
    },
    "marge": {
      "options": {
        "reportDir": "cypress/reports",
        "overwrite": false,
        "html": true,
        "json": true
      },
      "version": "6.2.0"
    }
  }
}