{
  "stats": {
    "suites": 1,
    "tests": 5,
    "passes": 5,
    "pending": 0,
    "failures": 0,
    "start": "2024-05-16T21:20:07.559Z",
    "end": "2024-05-16T21:20:27.321Z",
    "duration": 19762,
    "testsRegistered": 5,
    "passPercent": 100,
    "pendingPercent": 0,
    "other": 0,
    "hasOther": false,
    "skipped": 0,
    "hasSkipped": false
  },
  "results": [
    {
      "uuid": "29f799d4-65bb-4484-9cd9-81e22a677f7e",
      "title": "",
      "fullFile": "cypress\\e2e\\TS_005_DivisionFunctionality.cy.js",
      "file": "cypress\\e2e\\TS_005_DivisionFunctionality.cy.js",
      "beforeHooks": [],
      "afterHooks": [],
      "tests": [],
      "suites": [
        {
          "uuid": "4f54e22b-ef22-4c2b-82a7-0e097c50125b",
          "title": "GoogleCalculatorTest_Division",
          "fullFile": "",
          "file": "",
          "beforeHooks": [],
          "afterHooks": [],
          "tests": [
            {
              "title": "TC_001:Perform Division Operation using Google calculator: 8 / 2 = 4",
              "fullTitle": "GoogleCalculatorTest_Division TC_001:Perform Division Operation using Google calculator: 8 / 2 = 4",
              "timedOut": null,
              "duration": 4335,
              "state": "passed",
              "speed": "fast",
              "pass": true,
              "fail": false,
              "pending": false,
              "context": null,
              "code": "const selectors = ['[jsname=\"T7PMFe\"]', '[jsname=\"WxTTNd\"]', '[jsname=\"lVjWed\"]', '[jsname=\"Pt8tGc\"]'];\n// Loop through the array and click each element\nselectors.forEach(selector => {\n  cy.get(selector).click();\n});\n// Verify the result is 4\ncy.get('#cwos').should('have.text', '4');\n// Division test completed\ncy.logSuccess('TC_001:Completed!!');",
              "err": {},
              "uuid": "4c18c1c0-a7fa-43a4-90f4-97cfb55fcfcf",
              "parentUUID": "4f54e22b-ef22-4c2b-82a7-0e097c50125b",
              "isHook": false,
              "skipped": false
            },
            {
              "title": "TC_002: Division by 0: 8 / 0 = Infinity",
              "fullTitle": "GoogleCalculatorTest_Division TC_002: Division by 0: 8 / 0 = Infinity",
              "timedOut": null,
              "duration": 3509,
              "state": "passed",
              "speed": "fast",
              "pass": true,
              "fail": false,
              "pending": false,
              "context": null,
              "code": "const selectors = ['[jsname=\"T7PMFe\"]', '[jsname=\"WxTTNd\"]', '[jsname=\"bkEvMb\"]', '[jsname=\"Pt8tGc\"]'];\n// Loop through the array and click each element\nselectors.forEach(selector => {\n  cy.get(selector).click();\n});\n// Verify the result is Infinity\ncy.get('#cwos').should('have.text', 'Infinity');\n// Division test completed\ncy.logSuccess('TC_002:Completed!!');",
              "err": {},
              "uuid": "1ca4aeb0-a2f7-44fe-bd3b-dede96e4face",
              "parentUUID": "4f54e22b-ef22-4c2b-82a7-0e097c50125b",
              "isHook": false,
              "skipped": false
            },
            {
              "title": "TC_003: Division with 0: 0 / 2 = 0",
              "fullTitle": "GoogleCalculatorTest_Division TC_003: Division with 0: 0 / 2 = 0",
              "timedOut": null,
              "duration": 3889,
              "state": "passed",
              "speed": "fast",
              "pass": true,
              "fail": false,
              "pending": false,
              "context": null,
              "code": "const selectors = ['[jsname=\"bkEvMb\"]', '[jsname=\"WxTTNd\"]', '[jsname=\"lVjWed\"]', '[jsname=\"Pt8tGc\"]'];\n// Loop through the array and click each element\nselectors.forEach(selector => {\n  cy.get(selector).click();\n});\n// Verify the result is 4\ncy.get('#cwos').should('have.text', '0');\n// Division test completed\ncy.logSuccess('TC_003:Completed!!');",
              "err": {},
              "uuid": "c3691e9d-27e2-46d9-ac7c-7e44fccdc2f1",
              "parentUUID": "4f54e22b-ef22-4c2b-82a7-0e097c50125b",
              "isHook": false,
              "skipped": false
            },
            {
              "title": "TC_004:Division of two negative number : -4 ÷ -2 = 2",
              "fullTitle": "GoogleCalculatorTest_Division TC_004:Division of two negative number : -4 ÷ -2 = 2",
              "timedOut": null,
              "duration": 3129,
              "state": "passed",
              "speed": "fast",
              "pass": true,
              "fail": false,
              "pending": false,
              "context": null,
              "code": "const selectors = ['[jsname=\"pPHzQc\"]', '[jsname=\"xAP7E\"]', '[jsname=\"WxTTNd\"]', '[jsname=\"pPHzQc\"]', '[jsname=\"lVjWed\"]'];\n// Loop through the array and click each element\nselectors.forEach(selector => {\n  cy.get(selector).click();\n});\n// Verify the result is -4 ÷ -2\ncy.get('#cwos').should('have.text', '-4 ÷ -2');\n// Press =\ncy.get('[jsname=\"Pt8tGc\"]').click(); //=\n// Verify the result is 2\ncy.get('#cwos').should('have.text', '2');\n// Division test completed\ncy.logSuccess('TC_004:Completed!!');",
              "err": {},
              "uuid": "cf3cac19-6615-4c63-b48a-7926db3ebb63",
              "parentUUID": "4f54e22b-ef22-4c2b-82a7-0e097c50125b",
              "isHook": false,
              "skipped": false
            },
            {
              "title": "TC_005:Diivision of one negative number and one positive number: -9 ÷ 3 = -3",
              "fullTitle": "GoogleCalculatorTest_Division TC_005:Diivision of one negative number and one positive number: -9 ÷ 3 = -3",
              "timedOut": null,
              "duration": 3550,
              "state": "passed",
              "speed": "fast",
              "pass": true,
              "fail": false,
              "pending": false,
              "context": null,
              "code": "const selectors = ['[jsname=\"pPHzQc\"]', '[jsname=\"XoxYJ\"]', '[jsname=\"WxTTNd\"]', '[jsname=\"KN1kY\"]'];\n// Loop through the array and click each element\nselectors.forEach(selector => {\n  cy.get(selector).click();\n});\n// Verify the result is -9 ÷ 3\ncy.get('#cwos').should('have.text', '-9 ÷ 3');\n// Press =\ncy.get('[jsname=\"Pt8tGc\"]').click(); //=\n// Verify the result is -3\ncy.get('#cwos').should('have.text', '-3');\n// Division test completed\ncy.logSuccess('TC_005:Completed!!');",
              "err": {},
              "uuid": "5628011c-9790-441c-882f-224dcd444706",
              "parentUUID": "4f54e22b-ef22-4c2b-82a7-0e097c50125b",
              "isHook": false,
              "skipped": false
            }
          ],
          "suites": [],
          "passes": [
            "4c18c1c0-a7fa-43a4-90f4-97cfb55fcfcf",
            "1ca4aeb0-a2f7-44fe-bd3b-dede96e4face",
            "c3691e9d-27e2-46d9-ac7c-7e44fccdc2f1",
            "cf3cac19-6615-4c63-b48a-7926db3ebb63",
            "5628011c-9790-441c-882f-224dcd444706"
          ],
          "failures": [],
          "pending": [],
          "skipped": [],
          "duration": 18412,
          "root": false,
          "rootEmpty": false,
          "_timeout": 2000
        }
      ],
      "passes": [],
      "failures": [],
      "pending": [],
      "skipped": [],
      "duration": 0,
      "root": true,
      "rootEmpty": true,
      "_timeout": 2000
    }
  ],
  "meta": {
    "mocha": {
      "version": "7.0.1"
    },
    "mochawesome": {
      "options": {
        "quiet": false,
        "reportFilename": "mochawesome",
        "saveHtml": true,
        "saveJson": true,
        "consoleReporter": "spec",
        "useInlineDiffs": false,
        "code": true
      },
      "version": "7.1.3"
    },
    "marge": {
      "options": {
        "reportDir": "cypress/reports",
        "overwrite": false,
        "html": true,
        "json": true
      },
      "version": "6.2.0"
    }
  }
}