{
  "stats": {
    "suites": 1,
    "tests": 4,
    "passes": 4,
    "pending": 0,
    "failures": 0,
    "start": "2024-05-17T01:07:02.518Z",
    "end": "2024-05-17T01:07:26.420Z",
    "duration": 23902,
    "testsRegistered": 4,
    "passPercent": 100,
    "pendingPercent": 0,
    "other": 0,
    "hasOther": false,
    "skipped": 0,
    "hasSkipped": false
  },
  "results": [
    {
      "uuid": "a5c9babf-f080-4bca-a591-eca87e11e897",
      "title": "",
      "fullFile": "cypress\\e2e\\TS_002_AddFunctionality.cy.js",
      "file": "cypress\\e2e\\TS_002_AddFunctionality.cy.js",
      "beforeHooks": [],
      "afterHooks": [],
      "tests": [],
      "suites": [
        {
          "uuid": "86eada3e-43dd-4a5b-b703-78fc4895e93d",
          "title": "GoogleCalculatorTest_Addition",
          "fullFile": "",
          "file": "",
          "beforeHooks": [],
          "afterHooks": [],
          "tests": [
            {
              "title": "TC_001:Perform Add Operation using Google calculator: 1 + 2 =3 ",
              "fullTitle": "GoogleCalculatorTest_Addition TC_001:Perform Add Operation using Google calculator: 1 + 2 =3 ",
              "timedOut": null,
              "duration": 6751,
              "state": "passed",
              "speed": "medium",
              "pass": true,
              "fail": false,
              "pending": false,
              "context": null,
              "code": "const selectors = ['[jsname=\"N10B9\"]', '[jsname=\"XSr6wc\"]', '[jsname=\"lVjWed\"]', '[jsname=\"Pt8tGc\"]'];\n// Loop through the array and click each element\nselectors.forEach(selector => {\n  cy.get(selector).click();\n});\n// Verify the result is 3\ncy.get('#cwos').should('have.text', '3');\n// Addition test completed\ncy.logSuccess('TC_001: Completed!!');",
              "err": {},
              "uuid": "65da3c3d-358d-48ba-b731-910ee73630ca",
              "parentUUID": "86eada3e-43dd-4a5b-b703-78fc4895e93d",
              "isHook": false,
              "skipped": false
            },
            {
              "title": "TC_002:Addition of 0 : 1 + 0 = 1 ",
              "fullTitle": "GoogleCalculatorTest_Addition TC_002:Addition of 0 : 1 + 0 = 1 ",
              "timedOut": null,
              "duration": 4283,
              "state": "passed",
              "speed": "fast",
              "pass": true,
              "fail": false,
              "pending": false,
              "context": null,
              "code": "const selectors = ['[jsname=\"N10B9\"]', '[jsname=\"XSr6wc\"]', '[jsname=\"bkEvMb\"]', '[jsname=\"Pt8tGc\"]'];\n// Loop through the array and click each element\nselectors.forEach(selector => {\n  cy.get(selector).click();\n});\n// Verify the result is 1\ncy.get('#cwos').should('have.text', '1');\n// Addition test completed\ncy.logSuccess('TC_002: Completed!!');",
              "err": {},
              "uuid": "abf3edec-5d21-46c7-8262-54e549bf1d7a",
              "parentUUID": "86eada3e-43dd-4a5b-b703-78fc4895e93d",
              "isHook": false,
              "skipped": false
            },
            {
              "title": "TC_003:Addition of two negative number : -2 -3 = -5",
              "fullTitle": "GoogleCalculatorTest_Addition TC_003:Addition of two negative number : -2 -3 = -5",
              "timedOut": null,
              "duration": 6782,
              "state": "passed",
              "speed": "medium",
              "pass": true,
              "fail": false,
              "pending": false,
              "context": null,
              "code": "const selectors = ['[jsname=\"pPHzQc\"]', '[jsname=\"lVjWed\"]', '[jsname=\"XSr6wc\"]', '[jsname=\"pPHzQc\"]', '[jsname=\"KN1kY\"]'];\n// Loop through the array and click each element\nselectors.forEach(selector => {\n  cy.get(selector).click();\n});\n//check entry as \"-2-3\"\ncy.get('#cwos').should('have.text', '-2 - 3');\n//Press Enter\ncy.get('[jsname=\"Pt8tGc\"]').click(); //=\n// Verify the result is -5\ncy.get('#cwos').should('have.text', '-5');\n// Addition test completed\ncy.logSuccess('TC_003: Completed!!');",
              "err": {},
              "uuid": "cea1d045-a9b3-4b49-bbed-f9953f6e95ad",
              "parentUUID": "86eada3e-43dd-4a5b-b703-78fc4895e93d",
              "isHook": false,
              "skipped": false
            },
            {
              "title": "TC_004:Addition of one negative number and positive number : -6 + 3 = -3",
              "fullTitle": "GoogleCalculatorTest_Addition TC_004:Addition of one negative number and positive number : -6 + 3 = -3",
              "timedOut": null,
              "duration": 4782,
              "state": "passed",
              "speed": "fast",
              "pass": true,
              "fail": false,
              "pending": false,
              "context": null,
              "code": "const selectors = ['[jsname=\"pPHzQc\"]', '[jsname=\"abcgof\"]', '[jsname=\"XSr6wc\"]', '[jsname=\"KN1kY\"]'];\n// Loop through the array and click each element\nselectors.forEach(selector => {\n  cy.get(selector).click();\n});\n// check entry as \"-6+3\"\ncy.get('#cwos').should('have.text', '-6 + 3');\n// Press Enter\ncy.get('[jsname=\"Pt8tGc\"]').click(); //=\n// Verify the result is -3\ncy.get('#cwos').should('have.text', '-3');\n// Addition test completed\ncy.logSuccess('TC_004: Completed!!');",
              "err": {},
              "uuid": "a924de2a-9ad4-407e-a16d-2cfb61a29f83",
              "parentUUID": "86eada3e-43dd-4a5b-b703-78fc4895e93d",
              "isHook": false,
              "skipped": false
            }
          ],
          "suites": [],
          "passes": [
            "65da3c3d-358d-48ba-b731-910ee73630ca",
            "abf3edec-5d21-46c7-8262-54e549bf1d7a",
            "cea1d045-a9b3-4b49-bbed-f9953f6e95ad",
            "a924de2a-9ad4-407e-a16d-2cfb61a29f83"
          ],
          "failures": [],
          "pending": [],
          "skipped": [],
          "duration": 22598,
          "root": false,
          "rootEmpty": false,
          "_timeout": 2000
        }
      ],
      "passes": [],
      "failures": [],
      "pending": [],
      "skipped": [],
      "duration": 0,
      "root": true,
      "rootEmpty": true,
      "_timeout": 2000
    }
  ],
  "meta": {
    "mocha": {
      "version": "7.0.1"
    },
    "mochawesome": {
      "options": {
        "quiet": false,
        "reportFilename": "mochawesome",
        "saveHtml": true,
        "saveJson": true,
        "consoleReporter": "spec",
        "useInlineDiffs": false,
        "code": true
      },
      "version": "7.1.3"
    },
    "marge": {
      "options": {
        "reportDir": "cypress/reports",
        "overwrite": false,
        "html": true,
        "json": true
      },
      "version": "6.2.0"
    }
  }
}