{
  "stats": {
    "suites": 1,
    "tests": 4,
    "passes": 4,
    "pending": 0,
    "failures": 0,
    "start": "2024-05-16T21:19:48.555Z",
    "end": "2024-05-16T21:20:05.421Z",
    "duration": 16866,
    "testsRegistered": 4,
    "passPercent": 100,
    "pendingPercent": 0,
    "other": 0,
    "hasOther": false,
    "skipped": 0,
    "hasSkipped": false
  },
  "results": [
    {
      "uuid": "7b2880fd-d21e-4fa8-9284-fca8feae49a4",
      "title": "",
      "fullFile": "cypress\\e2e\\TS_004_MultiplyFunctionality.cy.js",
      "file": "cypress\\e2e\\TS_004_MultiplyFunctionality.cy.js",
      "beforeHooks": [],
      "afterHooks": [],
      "tests": [],
      "suites": [
        {
          "uuid": "b0eaaf12-91d5-40d3-93e5-c03480dbc2dc",
          "title": "GoogleCalculatorTest_Multiplication",
          "fullFile": "",
          "file": "",
          "beforeHooks": [],
          "afterHooks": [],
          "tests": [
            {
              "title": "TC_001:Perform Multiplication Operation using Google calculator: 4 x 6 = 24",
              "fullTitle": "GoogleCalculatorTest_Multiplication TC_001:Perform Multiplication Operation using Google calculator: 4 x 6 = 24",
              "timedOut": null,
              "duration": 4213,
              "state": "passed",
              "speed": "fast",
              "pass": true,
              "fail": false,
              "pending": false,
              "context": null,
              "code": "const selectors = ['[jsname=\"xAP7E\"]', '[jsname=\"YovRWb\"]', '[jsname=\"abcgof\"]', '[jsname=\"Pt8tGc\"]'];\n// Loop through the array and click each element\nselectors.forEach(selector => {\n  cy.get(selector).click();\n});\n//  Verify the result is 24\ncy.get('#cwos').should('have.text', '24');\n// Multiplication test completed\ncy.logSuccess('TC_001: Completed!!');",
              "err": {},
              "uuid": "94b8d4a5-ed42-42d8-b6a5-f7484ba41b8a",
              "parentUUID": "b0eaaf12-91d5-40d3-93e5-c03480dbc2dc",
              "isHook": false,
              "skipped": false
            },
            {
              "title": "TC_002:Multiplication with 0: 4 x 0 = 0 ",
              "fullTitle": "GoogleCalculatorTest_Multiplication TC_002:Multiplication with 0: 4 x 0 = 0 ",
              "timedOut": null,
              "duration": 3451,
              "state": "passed",
              "speed": "fast",
              "pass": true,
              "fail": false,
              "pending": false,
              "context": null,
              "code": "const selectors = ['[jsname=\"xAP7E\"]', '[jsname=\"YovRWb\"]', '[jsname=\"bkEvMb\"]', '[jsname=\"Pt8tGc\"]'];\n// Loop through the array and click each element\nselectors.forEach(selector => {\n  cy.get(selector).click();\n});\n// Verify the result is 0\ncy.get('#cwos').should('have.text', '0');\n// Multiplication test completed\ncy.logSuccess('TC_002:Completed!!');",
              "err": {},
              "uuid": "c6516a44-0c6a-4f35-b0e9-1f1feb2bfcb7",
              "parentUUID": "b0eaaf12-91d5-40d3-93e5-c03480dbc2dc",
              "isHook": false,
              "skipped": false
            },
            {
              "title": "TC_003:Multiplication of two negative number : -5x-2=10",
              "fullTitle": "GoogleCalculatorTest_Multiplication TC_003:Multiplication of two negative number : -5x-2=10",
              "timedOut": null,
              "duration": 4445,
              "state": "passed",
              "speed": "fast",
              "pass": true,
              "fail": false,
              "pending": false,
              "context": null,
              "code": "const selectors = ['[jsname=\"pPHzQc\"]', '[jsname=\"Ax5wH\"]', '[jsname=\"YovRWb\"]', '[jsname=\"pPHzQc\"]', '[jsname=\"lVjWed\"]'];\n// Loop through the array and click each element\nselectors.forEach(selector => {\n  cy.get(selector).click();\n});\n// Verify the result is 0\ncy.get('#cwos').should('have.text', '-5 × -2');\n// Press Enter\ncy.get('[jsname=\"Pt8tGc\"]').click(); //=\n// Verify the result is -15\ncy.get('#cwos').should('have.text', '10');\n// Multiplication test completed\ncy.logSuccess('TC_003:Completed!!');",
              "err": {},
              "uuid": "3d607495-14b9-48ef-b110-2373b18d35a0",
              "parentUUID": "b0eaaf12-91d5-40d3-93e5-c03480dbc2dc",
              "isHook": false,
              "skipped": false
            },
            {
              "title": "TC_004:Multiplication of one negative number and one positive number: -5x6=-30",
              "fullTitle": "GoogleCalculatorTest_Multiplication TC_004:Multiplication of one negative number and one positive number: -5x6=-30",
              "timedOut": null,
              "duration": 3362,
              "state": "passed",
              "speed": "fast",
              "pass": true,
              "fail": false,
              "pending": false,
              "context": null,
              "code": "const selectors = ['[jsname=\"pPHzQc\"]', '[jsname=\"Ax5wH\"]', '[jsname=\"YovRWb\"]', '[jsname=\"abcgof\"]'];\n// Loop through the array and click each element\nselectors.forEach(selector => {\n  cy.get(selector).click();\n});\n// Verify the result is 0\ncy.get('#cwos').should('have.text', '-5 × 6');\n// Press Enter\ncy.get('[jsname=\"Pt8tGc\"]').click(); //=\n// Verify the result is -15\ncy.get('#cwos').should('have.text', '-30');\n// Multiplication test completed\ncy.logSuccess('TC_004:Completed!!');",
              "err": {},
              "uuid": "9ce5275f-ef56-4cca-b827-060731c63dc1",
              "parentUUID": "b0eaaf12-91d5-40d3-93e5-c03480dbc2dc",
              "isHook": false,
              "skipped": false
            }
          ],
          "suites": [],
          "passes": [
            "94b8d4a5-ed42-42d8-b6a5-f7484ba41b8a",
            "c6516a44-0c6a-4f35-b0e9-1f1feb2bfcb7",
            "3d607495-14b9-48ef-b110-2373b18d35a0",
            "9ce5275f-ef56-4cca-b827-060731c63dc1"
          ],
          "failures": [],
          "pending": [],
          "skipped": [],
          "duration": 15471,
          "root": false,
          "rootEmpty": false,
          "_timeout": 2000
        }
      ],
      "passes": [],
      "failures": [],
      "pending": [],
      "skipped": [],
      "duration": 0,
      "root": true,
      "rootEmpty": true,
      "_timeout": 2000
    }
  ],
  "meta": {
    "mocha": {
      "version": "7.0.1"
    },
    "mochawesome": {
      "options": {
        "quiet": false,
        "reportFilename": "mochawesome",
        "saveHtml": true,
        "saveJson": true,
        "consoleReporter": "spec",
        "useInlineDiffs": false,
        "code": true
      },
      "version": "7.1.3"
    },
    "marge": {
      "options": {
        "reportDir": "cypress/reports",
        "overwrite": false,
        "html": true,
        "json": true
      },
      "version": "6.2.0"
    }
  }
}