{
  "stats": {
    "suites": 1,
    "tests": 4,
    "passes": 4,
    "pending": 0,
    "failures": 0,
    "start": "2024-05-17T01:00:22.429Z",
    "end": "2024-05-17T01:00:45.484Z",
    "duration": 23055,
    "testsRegistered": 4,
    "passPercent": 100,
    "pendingPercent": 0,
    "other": 0,
    "hasOther": false,
    "skipped": 0,
    "hasSkipped": false
  },
  "results": [
    {
      "uuid": "467c8348-d448-4189-9c17-16f3339c6ba0",
      "title": "",
      "fullFile": "cypress\\e2e\\TS_003_SubtractionFunctionality.cy.js",
      "file": "cypress\\e2e\\TS_003_SubtractionFunctionality.cy.js",
      "beforeHooks": [],
      "afterHooks": [],
      "tests": [],
      "suites": [
        {
          "uuid": "8280ce29-7d98-4a7b-984d-e6fad5362822",
          "title": "GoogleCalculatorTest_Subtraction",
          "fullFile": "",
          "file": "",
          "beforeHooks": [],
          "afterHooks": [],
          "tests": [
            {
              "title": "TC_001:Perform Subtraction Operation using Google calculator: 5 - 3 = 2",
              "fullTitle": "GoogleCalculatorTest_Subtraction TC_001:Perform Subtraction Operation using Google calculator: 5 - 3 = 2",
              "timedOut": null,
              "duration": 5816,
              "state": "passed",
              "speed": "medium",
              "pass": true,
              "fail": false,
              "pending": false,
              "context": null,
              "code": "const selectors = ['[jsname=\"Ax5wH\"]', '[jsname=\"pPHzQc\"]', '[jsname=\"KN1kY\"]', '[jsname=\"Pt8tGc\"]'];\n// Loop through the array and click each element\nselectors.forEach(selector => {\n  cy.get(selector).click();\n});\n// Verify the result is 2\ncy.get('#cwos').should('have.text', '2');\n// Subtraction test completed\ncy.logSuccess('TC_001: Completed');",
              "err": {},
              "uuid": "ac89b155-1869-4f85-afb2-c595607c3b0f",
              "parentUUID": "8280ce29-7d98-4a7b-984d-e6fad5362822",
              "isHook": false,
              "skipped": false
            },
            {
              "title": "TC_002: Validate negative result with 3-5 = -2",
              "fullTitle": "GoogleCalculatorTest_Subtraction TC_002: Validate negative result with 3-5 = -2",
              "timedOut": null,
              "duration": 5289,
              "state": "passed",
              "speed": "medium",
              "pass": true,
              "fail": false,
              "pending": false,
              "context": null,
              "code": "const selectors = ['[jsname=\"KN1kY\"]', '[jsname=\"pPHzQc\"]', '[jsname=\"Ax5wH\"]', '[jsname=\"Pt8tGc\"]'];\n// Loop through the array and click each element\nselectors.forEach(selector => {\n  cy.get(selector).click();\n});\n// Verify the result is -2\ncy.get('#cwos').should('have.text', '-2');\n// Subtraction test completed\ncy.logSuccess('TC_002: Completed!!');",
              "err": {},
              "uuid": "b4e0746b-6ee8-4c8b-9f97-1309db6938e1",
              "parentUUID": "8280ce29-7d98-4a7b-984d-e6fad5362822",
              "isHook": false,
              "skipped": false
            },
            {
              "title": "TC_003: Validate Subtraction of two negative number : -7-8 = -15",
              "fullTitle": "GoogleCalculatorTest_Subtraction TC_003: Validate Subtraction of two negative number : -7-8 = -15",
              "timedOut": null,
              "duration": 6288,
              "state": "passed",
              "speed": "medium",
              "pass": true,
              "fail": false,
              "pending": false,
              "context": null,
              "code": "const selectors = ['[jsname=\"pPHzQc\"]', '[jsname=\"rk7bOd\"]', '[jsname=\"pPHzQc\"]', '[jsname=\"pPHzQc\"]', '[jsname=\"T7PMFe\"]'];\n// Loop through the array and click each element\nselectors.forEach(selector => {\n  cy.get(selector).click();\n});\n//check entry as \"-7 -8\"\ncy.get('#cwos').should('have.text', '-7 - 8');\n//Press Enter\ncy.get('[jsname=\"Pt8tGc\"]').click(); //=\n//Verify the result is -15\ncy.get('#cwos').should('have.text', '-15');\n// Subtraction test completed\ncy.logSuccess('TC_003: Completed!!');",
              "err": {},
              "uuid": "8fdb51ab-7a61-4f1f-ae32-4c5688c38ec0",
              "parentUUID": "8280ce29-7d98-4a7b-984d-e6fad5362822",
              "isHook": false,
              "skipped": false
            },
            {
              "title": "TC_004: Validate Subtraction of one negative number and one positive number: -8-3 =-11",
              "fullTitle": "GoogleCalculatorTest_Subtraction TC_004: Validate Subtraction of one negative number and one positive number: -8-3 =-11",
              "timedOut": null,
              "duration": 4178,
              "state": "passed",
              "speed": "fast",
              "pass": true,
              "fail": false,
              "pending": false,
              "context": null,
              "code": "const selectors = ['[jsname=\"pPHzQc\"]', '[jsname=\"T7PMFe\"]', '[jsname=\"pPHzQc\"]', '[jsname=\"KN1kY\"]'];\n// Loop through the array and click each element\nselectors.forEach(selector => {\n  cy.get(selector).click();\n});\n//check entry as \"-8 - 3\"\ncy.get('#cwos').should('have.text', '-8 - 3');\n//Press Enter\ncy.get('[jsname=\"Pt8tGc\"]').click(); //=\n//Verify the result is -15\ncy.get('#cwos').should('have.text', '-11');\n// Subtraction test completed\ncy.logSuccess('TC_004: Completed!!');",
              "err": {},
              "uuid": "af0ab234-b6df-4a7c-9745-56a535651bc5",
              "parentUUID": "8280ce29-7d98-4a7b-984d-e6fad5362822",
              "isHook": false,
              "skipped": false
            }
          ],
          "suites": [],
          "passes": [
            "ac89b155-1869-4f85-afb2-c595607c3b0f",
            "b4e0746b-6ee8-4c8b-9f97-1309db6938e1",
            "8fdb51ab-7a61-4f1f-ae32-4c5688c38ec0",
            "af0ab234-b6df-4a7c-9745-56a535651bc5"
          ],
          "failures": [],
          "pending": [],
          "skipped": [],
          "duration": 21571,
          "root": false,
          "rootEmpty": false,
          "_timeout": 2000
        }
      ],
      "passes": [],
      "failures": [],
      "pending": [],
      "skipped": [],
      "duration": 0,
      "root": true,
      "rootEmpty": true,
      "_timeout": 2000
    }
  ],
  "meta": {
    "mocha": {
      "version": "7.0.1"
    },
    "mochawesome": {
      "options": {
        "quiet": false,
        "reportFilename": "mochawesome",
        "saveHtml": true,
        "saveJson": true,
        "consoleReporter": "spec",
        "useInlineDiffs": false,
        "code": true
      },
      "version": "7.1.3"
    },
    "marge": {
      "options": {
        "reportDir": "cypress/reports",
        "overwrite": false,
        "html": true,
        "json": true
      },
      "version": "6.2.0"
    }
  }
}