{
  "stats": {
    "suites": 1,
    "tests": 4,
    "passes": 4,
    "pending": 0,
    "failures": 0,
    "start": "2024-05-16T21:36:37.171Z",
    "end": "2024-05-16T21:36:55.934Z",
    "duration": 18763,
    "testsRegistered": 4,
    "passPercent": 100,
    "pendingPercent": 0,
    "other": 0,
    "hasOther": false,
    "skipped": 0,
    "hasSkipped": false
  },
  "results": [
    {
      "uuid": "f4dad382-962e-4045-a35c-4048de1f1e9a",
      "title": "",
      "fullFile": "cypress\\e2e\\TS_002_AddFunctionality.cy.js",
      "file": "cypress\\e2e\\TS_002_AddFunctionality.cy.js",
      "beforeHooks": [],
      "afterHooks": [],
      "tests": [],
      "suites": [
        {
          "uuid": "328e200c-f355-4754-aa43-1e11e209e4aa",
          "title": "GoogleCalculatorTest_Addition",
          "fullFile": "",
          "file": "",
          "beforeHooks": [],
          "afterHooks": [],
          "tests": [
            {
              "title": "TC_001:Perform Add Operation using Google calculator: 1 + 2 =3 ",
              "fullTitle": "GoogleCalculatorTest_Addition TC_001:Perform Add Operation using Google calculator: 1 + 2 =3 ",
              "timedOut": null,
              "duration": 4780,
              "state": "passed",
              "speed": "fast",
              "pass": true,
              "fail": false,
              "pending": false,
              "context": null,
              "code": "const selectors = ['[jsname=\"N10B9\"]', '[jsname=\"XSr6wc\"]', '[jsname=\"lVjWed\"]', '[jsname=\"Pt8tGc\"]'];\n// Loop through the array and click each element\nselectors.forEach(selector => {\n  cy.get(selector).click();\n});\n// Verify the result is 3\ncy.get('#cwos').should('have.text', '3');\n// Addition test completed\ncy.logSuccess('TC_001: Completed!!');",
              "err": {},
              "uuid": "3ddb9b2d-2870-4596-bf32-184b2b176d97",
              "parentUUID": "328e200c-f355-4754-aa43-1e11e209e4aa",
              "isHook": false,
              "skipped": false
            },
            {
              "title": "TC_002:Addition of 0 : 1 + 0 = 1 ",
              "fullTitle": "GoogleCalculatorTest_Addition TC_002:Addition of 0 : 1 + 0 = 1 ",
              "timedOut": null,
              "duration": 4708,
              "state": "passed",
              "speed": "fast",
              "pass": true,
              "fail": false,
              "pending": false,
              "context": null,
              "code": "const selectors = ['[jsname=\"N10B9\"]', '[jsname=\"XSr6wc\"]', '[jsname=\"bkEvMb\"]', '[jsname=\"Pt8tGc\"]'];\n// Loop through the array and click each element\nselectors.forEach(selector => {\n  cy.get(selector).click();\n});\n// Verify the result is 1\ncy.get('#cwos').should('have.text', '1');\n// Addition test completed\ncy.logSuccess('TC_002: Completed!!');",
              "err": {},
              "uuid": "fe34a349-6bc2-4181-b941-6e8a7f0e778d",
              "parentUUID": "328e200c-f355-4754-aa43-1e11e209e4aa",
              "isHook": false,
              "skipped": false
            },
            {
              "title": "TC_003:Addition of two negative number : -2 -3 = -5",
              "fullTitle": "GoogleCalculatorTest_Addition TC_003:Addition of two negative number : -2 -3 = -5",
              "timedOut": null,
              "duration": 4198,
              "state": "passed",
              "speed": "fast",
              "pass": true,
              "fail": false,
              "pending": false,
              "context": null,
              "code": "const selectors = ['[jsname=\"pPHzQc\"]', '[jsname=\"lVjWed\"]', '[jsname=\"XSr6wc\"]', '[jsname=\"pPHzQc\"]', '[jsname=\"KN1kY\"]'];\n// Loop through the array and click each element\nselectors.forEach(selector => {\n  cy.get(selector).click();\n});\n//check entry as \"-2-3\"\ncy.get('#cwos').should('have.text', '-2 - 3');\n//Press Enter\ncy.get('[jsname=\"Pt8tGc\"]').click(); //=\n// Verify the result is -5\ncy.get('#cwos').should('have.text', '-5');\n// Addition test completed\ncy.logSuccess('TC_003: Completed!!');",
              "err": {},
              "uuid": "75f29d7c-de6b-44d3-8e52-d80c78450b62",
              "parentUUID": "328e200c-f355-4754-aa43-1e11e209e4aa",
              "isHook": false,
              "skipped": false
            },
            {
              "title": "TC_004:Addition of one negative number and positive number : -6 + 3 = -3",
              "fullTitle": "GoogleCalculatorTest_Addition TC_004:Addition of one negative number and positive number : -6 + 3 = -3",
              "timedOut": null,
              "duration": 3984,
              "state": "passed",
              "speed": "fast",
              "pass": true,
              "fail": false,
              "pending": false,
              "context": null,
              "code": "const selectors = ['[jsname=\"pPHzQc\"]', '[jsname=\"abcgof\"]', '[jsname=\"XSr6wc\"]', '[jsname=\"KN1kY\"]'];\n// Loop through the array and click each element\nselectors.forEach(selector => {\n  cy.get(selector).click();\n});\n// check entry as \"-6+3\"\ncy.get('#cwos').should('have.text', '-6 + 3');\n// Press Enter\ncy.get('[jsname=\"Pt8tGc\"]').click(); //=\n// Verify the result is -3\ncy.get('#cwos').should('have.text', '-3');\n// Addition test completed\ncy.logSuccess('TC_004: Completed!!');",
              "err": {},
              "uuid": "ec2d723e-92ee-4c41-a27b-831f06654881",
              "parentUUID": "328e200c-f355-4754-aa43-1e11e209e4aa",
              "isHook": false,
              "skipped": false
            }
          ],
          "suites": [],
          "passes": [
            "3ddb9b2d-2870-4596-bf32-184b2b176d97",
            "fe34a349-6bc2-4181-b941-6e8a7f0e778d",
            "75f29d7c-de6b-44d3-8e52-d80c78450b62",
            "ec2d723e-92ee-4c41-a27b-831f06654881"
          ],
          "failures": [],
          "pending": [],
          "skipped": [],
          "duration": 17670,
          "root": false,
          "rootEmpty": false,
          "_timeout": 2000
        }
      ],
      "passes": [],
      "failures": [],
      "pending": [],
      "skipped": [],
      "duration": 0,
      "root": true,
      "rootEmpty": true,
      "_timeout": 2000
    }
  ],
  "meta": {
    "mocha": {
      "version": "7.0.1"
    },
    "mochawesome": {
      "options": {
        "quiet": false,
        "reportFilename": "mochawesome",
        "saveHtml": true,
        "saveJson": true,
        "consoleReporter": "spec",
        "useInlineDiffs": false,
        "code": true
      },
      "version": "7.1.3"
    },
    "marge": {
      "options": {
        "reportDir": "cypress/reports",
        "overwrite": false,
        "html": true,
        "json": true
      },
      "version": "6.2.0"
    }
  }
}