{
  "stats": {
    "suites": 1,
    "tests": 5,
    "passes": 5,
    "pending": 0,
    "failures": 0,
    "start": "2024-05-17T01:01:06.900Z",
    "end": "2024-05-17T01:01:29.565Z",
    "duration": 22665,
    "testsRegistered": 5,
    "passPercent": 100,
    "pendingPercent": 0,
    "other": 0,
    "hasOther": false,
    "skipped": 0,
    "hasSkipped": false
  },
  "results": [
    {
      "uuid": "55eea9f1-886c-4f80-a358-8a466cddd5cc",
      "title": "",
      "fullFile": "cypress\\e2e\\TS_005_DivisionFunctionality.cy.js",
      "file": "cypress\\e2e\\TS_005_DivisionFunctionality.cy.js",
      "beforeHooks": [],
      "afterHooks": [],
      "tests": [],
      "suites": [
        {
          "uuid": "db79815b-4b2a-4c39-af08-7ae3ab61a22f",
          "title": "GoogleCalculatorTest_Division",
          "fullFile": "",
          "file": "",
          "beforeHooks": [],
          "afterHooks": [],
          "tests": [
            {
              "title": "TC_001:Perform Division Operation using Google calculator: 8 ÷ 2 = 4",
              "fullTitle": "GoogleCalculatorTest_Division TC_001:Perform Division Operation using Google calculator: 8 ÷ 2 = 4",
              "timedOut": null,
              "duration": 4526,
              "state": "passed",
              "speed": "fast",
              "pass": true,
              "fail": false,
              "pending": false,
              "context": null,
              "code": "const selectors = ['[jsname=\"T7PMFe\"]', '[jsname=\"WxTTNd\"]', '[jsname=\"lVjWed\"]', '[jsname=\"Pt8tGc\"]'];\n// Loop through the array and click each element\nselectors.forEach(selector => {\n  cy.get(selector).click();\n});\n// Verify the result is 4\ncy.get('#cwos').should('have.text', '4');\n// Division test completed\ncy.logSuccess('TC_001:Completed!!');",
              "err": {},
              "uuid": "062d38e5-1568-41de-9853-7c03415af0d8",
              "parentUUID": "db79815b-4b2a-4c39-af08-7ae3ab61a22f",
              "isHook": false,
              "skipped": false
            },
            {
              "title": "TC_002: Division by 0: 8 ÷ 0 = Infinity",
              "fullTitle": "GoogleCalculatorTest_Division TC_002: Division by 0: 8 ÷ 0 = Infinity",
              "timedOut": null,
              "duration": 4355,
              "state": "passed",
              "speed": "fast",
              "pass": true,
              "fail": false,
              "pending": false,
              "context": null,
              "code": "const selectors = ['[jsname=\"T7PMFe\"]', '[jsname=\"WxTTNd\"]', '[jsname=\"bkEvMb\"]', '[jsname=\"Pt8tGc\"]'];\n// Loop through the array and click each element\nselectors.forEach(selector => {\n  cy.get(selector).click();\n});\n// Verify the result is Infinity\ncy.get('#cwos').should('have.text', 'Infinity');\n// Division test completed\ncy.logSuccess('TC_002:Completed!!');",
              "err": {},
              "uuid": "0b01bbb9-070f-4787-940a-6898f27c1c9c",
              "parentUUID": "db79815b-4b2a-4c39-af08-7ae3ab61a22f",
              "isHook": false,
              "skipped": false
            },
            {
              "title": "TC_003: Division with 0: 0 ÷ 2 = 0",
              "fullTitle": "GoogleCalculatorTest_Division TC_003: Division with 0: 0 ÷ 2 = 0",
              "timedOut": null,
              "duration": 3733,
              "state": "passed",
              "speed": "fast",
              "pass": true,
              "fail": false,
              "pending": false,
              "context": null,
              "code": "const selectors = ['[jsname=\"bkEvMb\"]', '[jsname=\"WxTTNd\"]', '[jsname=\"lVjWed\"]', '[jsname=\"Pt8tGc\"]'];\n// Loop through the array and click each element\nselectors.forEach(selector => {\n  cy.get(selector).click();\n});\n// Verify the result is 4\ncy.get('#cwos').should('have.text', '0');\n// Division test completed\ncy.logSuccess('TC_003:Completed!!');",
              "err": {},
              "uuid": "6184054f-63e7-4389-b010-a5a51ca5445f",
              "parentUUID": "db79815b-4b2a-4c39-af08-7ae3ab61a22f",
              "isHook": false,
              "skipped": false
            },
            {
              "title": "TC_004:Division of two negative number : -4 ÷ -2 = 2",
              "fullTitle": "GoogleCalculatorTest_Division TC_004:Division of two negative number : -4 ÷ -2 = 2",
              "timedOut": null,
              "duration": 4444,
              "state": "passed",
              "speed": "fast",
              "pass": true,
              "fail": false,
              "pending": false,
              "context": null,
              "code": "const selectors = ['[jsname=\"pPHzQc\"]', '[jsname=\"xAP7E\"]', '[jsname=\"WxTTNd\"]', '[jsname=\"pPHzQc\"]', '[jsname=\"lVjWed\"]'];\n// Loop through the array and click each element\nselectors.forEach(selector => {\n  cy.get(selector).click();\n});\n// Verify the result is -4 ÷ -2\ncy.get('#cwos').should('have.text', '-4 ÷ -2');\n// Press =\ncy.get('[jsname=\"Pt8tGc\"]').click(); //=\n// Verify the result is 2\ncy.get('#cwos').should('have.text', '2');\n// Division test completed\ncy.logSuccess('TC_004:Completed!!');",
              "err": {},
              "uuid": "f34e50ef-bc61-4ac8-9b84-a06dd65eb754",
              "parentUUID": "db79815b-4b2a-4c39-af08-7ae3ab61a22f",
              "isHook": false,
              "skipped": false
            },
            {
              "title": "TC_005:Division of one negative number and one positive number: -9 ÷ 3 = -3",
              "fullTitle": "GoogleCalculatorTest_Division TC_005:Division of one negative number and one positive number: -9 ÷ 3 = -3",
              "timedOut": null,
              "duration": 4008,
              "state": "passed",
              "speed": "fast",
              "pass": true,
              "fail": false,
              "pending": false,
              "context": null,
              "code": "const selectors = ['[jsname=\"pPHzQc\"]', '[jsname=\"XoxYJ\"]', '[jsname=\"WxTTNd\"]', '[jsname=\"KN1kY\"]'];\n// Loop through the array and click each element\nselectors.forEach(selector => {\n  cy.get(selector).click();\n});\n// Verify the result is -9 ÷ 3\ncy.get('#cwos').should('have.text', '-9 ÷ 3');\n// Press =\ncy.get('[jsname=\"Pt8tGc\"]').click(); //=\n// Verify the result is -3\ncy.get('#cwos').should('have.text', '-3');\n// Division test completed\ncy.logSuccess('TC_005:Completed!!');",
              "err": {},
              "uuid": "19478ec3-5e1d-4489-90fe-bf95a0c769ec",
              "parentUUID": "db79815b-4b2a-4c39-af08-7ae3ab61a22f",
              "isHook": false,
              "skipped": false
            }
          ],
          "suites": [],
          "passes": [
            "062d38e5-1568-41de-9853-7c03415af0d8",
            "0b01bbb9-070f-4787-940a-6898f27c1c9c",
            "6184054f-63e7-4389-b010-a5a51ca5445f",
            "f34e50ef-bc61-4ac8-9b84-a06dd65eb754",
            "19478ec3-5e1d-4489-90fe-bf95a0c769ec"
          ],
          "failures": [],
          "pending": [],
          "skipped": [],
          "duration": 21066,
          "root": false,
          "rootEmpty": false,
          "_timeout": 2000
        }
      ],
      "passes": [],
      "failures": [],
      "pending": [],
      "skipped": [],
      "duration": 0,
      "root": true,
      "rootEmpty": true,
      "_timeout": 2000
    }
  ],
  "meta": {
    "mocha": {
      "version": "7.0.1"
    },
    "mochawesome": {
      "options": {
        "quiet": false,
        "reportFilename": "mochawesome",
        "saveHtml": true,
        "saveJson": true,
        "consoleReporter": "spec",
        "useInlineDiffs": false,
        "code": true
      },
      "version": "7.1.3"
    },
    "marge": {
      "options": {
        "reportDir": "cypress/reports",
        "overwrite": false,
        "html": true,
        "json": true
      },
      "version": "6.2.0"
    }
  }
}