{
  "stats": {
    "suites": 1,
    "tests": 2,
    "passes": 2,
    "pending": 0,
    "failures": 0,
    "start": "2024-05-17T01:09:32.667Z",
    "end": "2024-05-17T01:09:43.887Z",
    "duration": 11220,
    "testsRegistered": 2,
    "passPercent": 100,
    "pendingPercent": 0,
    "other": 0,
    "hasOther": false,
    "skipped": 0,
    "hasSkipped": false
  },
  "results": [
    {
      "uuid": "0ba51c53-bf36-4deb-82d8-5e7ba5285eac",
      "title": "",
      "fullFile": "cypress\\e2e\\TS_006_OperatorOverloading.cy.js",
      "file": "cypress\\e2e\\TS_006_OperatorOverloading.cy.js",
      "beforeHooks": [],
      "afterHooks": [],
      "tests": [],
      "suites": [
        {
          "uuid": "1494e610-a3e8-4064-bd97-fe8c252436fe",
          "title": "GoogleCalculatorTest_Operator Overloading",
          "fullFile": "",
          "file": "",
          "beforeHooks": [],
          "afterHooks": [],
          "tests": [
            {
              "title": "TC_001:Check \"-\" on \"+\"",
              "fullTitle": "GoogleCalculatorTest_Operator Overloading TC_001:Check \"-\" on \"+\"",
              "timedOut": null,
              "duration": 5740,
              "state": "passed",
              "speed": "medium",
              "pass": true,
              "fail": false,
              "pending": false,
              "context": null,
              "code": "// Type: 1 + , then press  - , Check value 1 -\ncy.get('[jsname=\"N10B9\"]').click(); //1\ncy.get('[jsname=\"XSr6wc\"]').click(); //+\n// Verify the result is 1 +\ncy.get('#cwos').should('include.text', '1 +');\n//Click on -\ncy.get('[jsname=\"pPHzQc\"]').click(); //-\n// Verify the result is 1 -\ncy.get('#cwos').should('include.text', '1 -');\n// Addition test completed\ncy.logSuccess('TC_001: Completed!!');",
              "err": {},
              "uuid": "55a2e5f5-2ec0-44e9-a02e-3b3bf1d85e65",
              "parentUUID": "1494e610-a3e8-4064-bd97-fe8c252436fe",
              "isHook": false,
              "skipped": false
            },
            {
              "title": "TC_002:Check \"x\" on \"÷ \"",
              "fullTitle": "GoogleCalculatorTest_Operator Overloading TC_002:Check \"x\" on \"÷ \"",
              "timedOut": null,
              "duration": 4886,
              "state": "passed",
              "speed": "fast",
              "pass": true,
              "fail": false,
              "pending": false,
              "context": null,
              "code": "// Type: 1 X , then press  ÷  , Check value 1 ÷ \ncy.get('[jsname=\"N10B9\"]').click(); //1\ncy.get('[jsname=\"YovRWb\"]').click(); //x\n// Verify the result is 1 x\ncy.get('#cwos').should('include.text', '1 ×');\n//Click on ÷ \ncy.get('[jsname=\"WxTTNd\"]').click(); //÷ \n// Verify the result is 1 ÷ \ncy.get('#cwos').should('include.text', '1 ÷');\n// Addition test completed\ncy.logSuccess('TC_002: Completed!!');",
              "err": {},
              "uuid": "e9527bb8-452e-4c04-90c4-3d80c2fc32e7",
              "parentUUID": "1494e610-a3e8-4064-bd97-fe8c252436fe",
              "isHook": false,
              "skipped": false
            }
          ],
          "suites": [],
          "passes": [
            "55a2e5f5-2ec0-44e9-a02e-3b3bf1d85e65",
            "e9527bb8-452e-4c04-90c4-3d80c2fc32e7"
          ],
          "failures": [],
          "pending": [],
          "skipped": [],
          "duration": 10626,
          "root": false,
          "rootEmpty": false,
          "_timeout": 2000
        }
      ],
      "passes": [],
      "failures": [],
      "pending": [],
      "skipped": [],
      "duration": 0,
      "root": true,
      "rootEmpty": true,
      "_timeout": 2000
    }
  ],
  "meta": {
    "mocha": {
      "version": "7.0.1"
    },
    "mochawesome": {
      "options": {
        "quiet": false,
        "reportFilename": "mochawesome",
        "saveHtml": true,
        "saveJson": true,
        "consoleReporter": "spec",
        "useInlineDiffs": false,
        "code": true
      },
      "version": "7.1.3"
    },
    "marge": {
      "options": {
        "reportDir": "cypress/reports",
        "overwrite": false,
        "html": true,
        "json": true
      },
      "version": "6.2.0"
    }
  }
}