{
  "stats": {
    "suites": 1,
    "tests": 5,
    "passes": 5,
    "pending": 0,
    "failures": 0,
    "start": "2024-05-17T01:08:46.688Z",
    "end": "2024-05-17T01:09:13.808Z",
    "duration": 27120,
    "testsRegistered": 5,
    "passPercent": 100,
    "pendingPercent": 0,
    "other": 0,
    "hasOther": false,
    "skipped": 0,
    "hasSkipped": false
  },
  "results": [
    {
      "uuid": "be88e8b6-bbe8-47fc-ae16-05b4282246a7",
      "title": "",
      "fullFile": "cypress\\e2e\\TS_005_DivisionFunctionality.cy.js",
      "file": "cypress\\e2e\\TS_005_DivisionFunctionality.cy.js",
      "beforeHooks": [],
      "afterHooks": [],
      "tests": [],
      "suites": [
        {
          "uuid": "754b0e51-75e3-4929-987e-0b06dfccde48",
          "title": "GoogleCalculatorTest_Division",
          "fullFile": "",
          "file": "",
          "beforeHooks": [],
          "afterHooks": [],
          "tests": [
            {
              "title": "TC_001:Perform Division Operation using Google calculator: 8 ÷ 2 = 4",
              "fullTitle": "GoogleCalculatorTest_Division TC_001:Perform Division Operation using Google calculator: 8 ÷ 2 = 4",
              "timedOut": null,
              "duration": 5380,
              "state": "passed",
              "speed": "medium",
              "pass": true,
              "fail": false,
              "pending": false,
              "context": null,
              "code": "const selectors = ['[jsname=\"T7PMFe\"]', '[jsname=\"WxTTNd\"]', '[jsname=\"lVjWed\"]', '[jsname=\"Pt8tGc\"]'];\n// Loop through the array and click each element\nselectors.forEach(selector => {\n  cy.get(selector).click();\n});\n// Verify the result is 4\ncy.get('#cwos').should('have.text', '4');\n// Division test completed\ncy.logSuccess('TC_001:Completed!!');",
              "err": {},
              "uuid": "e6f9048c-8827-4805-9265-1f5855655394",
              "parentUUID": "754b0e51-75e3-4929-987e-0b06dfccde48",
              "isHook": false,
              "skipped": false
            },
            {
              "title": "TC_002: Division by 0: 8 ÷ 0 = Infinity",
              "fullTitle": "GoogleCalculatorTest_Division TC_002: Division by 0: 8 ÷ 0 = Infinity",
              "timedOut": null,
              "duration": 4876,
              "state": "passed",
              "speed": "fast",
              "pass": true,
              "fail": false,
              "pending": false,
              "context": null,
              "code": "const selectors = ['[jsname=\"T7PMFe\"]', '[jsname=\"WxTTNd\"]', '[jsname=\"bkEvMb\"]', '[jsname=\"Pt8tGc\"]'];\n// Loop through the array and click each element\nselectors.forEach(selector => {\n  cy.get(selector).click();\n});\n// Verify the result is Infinity\ncy.get('#cwos').should('have.text', 'Infinity');\n// Division test completed\ncy.logSuccess('TC_002:Completed!!');",
              "err": {},
              "uuid": "bcb4b3ff-2bef-441d-9e1b-d843cdd6972d",
              "parentUUID": "754b0e51-75e3-4929-987e-0b06dfccde48",
              "isHook": false,
              "skipped": false
            },
            {
              "title": "TC_003: Division with 0: 0 ÷ 2 = 0",
              "fullTitle": "GoogleCalculatorTest_Division TC_003: Division with 0: 0 ÷ 2 = 0",
              "timedOut": null,
              "duration": 4604,
              "state": "passed",
              "speed": "fast",
              "pass": true,
              "fail": false,
              "pending": false,
              "context": null,
              "code": "const selectors = ['[jsname=\"bkEvMb\"]', '[jsname=\"WxTTNd\"]', '[jsname=\"lVjWed\"]', '[jsname=\"Pt8tGc\"]'];\n// Loop through the array and click each element\nselectors.forEach(selector => {\n  cy.get(selector).click();\n});\n// Verify the result is 4\ncy.get('#cwos').should('have.text', '0');\n// Division test completed\ncy.logSuccess('TC_003:Completed!!');",
              "err": {},
              "uuid": "da0a6b56-e299-4252-bca1-c0f479816b71",
              "parentUUID": "754b0e51-75e3-4929-987e-0b06dfccde48",
              "isHook": false,
              "skipped": false
            },
            {
              "title": "TC_004:Division of two negative number : -4 ÷ -2 = 2",
              "fullTitle": "GoogleCalculatorTest_Division TC_004:Division of two negative number : -4 ÷ -2 = 2",
              "timedOut": null,
              "duration": 5493,
              "state": "passed",
              "speed": "medium",
              "pass": true,
              "fail": false,
              "pending": false,
              "context": null,
              "code": "const selectors = ['[jsname=\"pPHzQc\"]', '[jsname=\"xAP7E\"]', '[jsname=\"WxTTNd\"]', '[jsname=\"pPHzQc\"]', '[jsname=\"lVjWed\"]'];\n// Loop through the array and click each element\nselectors.forEach(selector => {\n  cy.get(selector).click();\n});\n// Verify the result is -4 ÷ -2\ncy.get('#cwos').should('have.text', '-4 ÷ -2');\n// Press =\ncy.get('[jsname=\"Pt8tGc\"]').click(); //=\n// Verify the result is 2\ncy.get('#cwos').should('have.text', '2');\n// Division test completed\ncy.logSuccess('TC_004:Completed!!');",
              "err": {},
              "uuid": "4b0ea596-225e-4cef-ac13-18a540caf325",
              "parentUUID": "754b0e51-75e3-4929-987e-0b06dfccde48",
              "isHook": false,
              "skipped": false
            },
            {
              "title": "TC_005:Division of one negative number and one positive number: -9 ÷ 3 = -3",
              "fullTitle": "GoogleCalculatorTest_Division TC_005:Division of one negative number and one positive number: -9 ÷ 3 = -3",
              "timedOut": null,
              "duration": 5265,
              "state": "passed",
              "speed": "medium",
              "pass": true,
              "fail": false,
              "pending": false,
              "context": null,
              "code": "const selectors = ['[jsname=\"pPHzQc\"]', '[jsname=\"XoxYJ\"]', '[jsname=\"WxTTNd\"]', '[jsname=\"KN1kY\"]'];\n// Loop through the array and click each element\nselectors.forEach(selector => {\n  cy.get(selector).click();\n});\n// Verify the result is -9 ÷ 3\ncy.get('#cwos').should('have.text', '-9 ÷ 3');\n// Press =\ncy.get('[jsname=\"Pt8tGc\"]').click(); //=\n// Verify the result is -3\ncy.get('#cwos').should('have.text', '-3');\n// Division test completed\ncy.logSuccess('TC_005:Completed!!');",
              "err": {},
              "uuid": "f8ae24f3-1e39-402b-915a-9adf7dacc32d",
              "parentUUID": "754b0e51-75e3-4929-987e-0b06dfccde48",
              "isHook": false,
              "skipped": false
            }
          ],
          "suites": [],
          "passes": [
            "e6f9048c-8827-4805-9265-1f5855655394",
            "bcb4b3ff-2bef-441d-9e1b-d843cdd6972d",
            "da0a6b56-e299-4252-bca1-c0f479816b71",
            "4b0ea596-225e-4cef-ac13-18a540caf325",
            "f8ae24f3-1e39-402b-915a-9adf7dacc32d"
          ],
          "failures": [],
          "pending": [],
          "skipped": [],
          "duration": 25618,
          "root": false,
          "rootEmpty": false,
          "_timeout": 2000
        }
      ],
      "passes": [],
      "failures": [],
      "pending": [],
      "skipped": [],
      "duration": 0,
      "root": true,
      "rootEmpty": true,
      "_timeout": 2000
    }
  ],
  "meta": {
    "mocha": {
      "version": "7.0.1"
    },
    "mochawesome": {
      "options": {
        "quiet": false,
        "reportFilename": "mochawesome",
        "saveHtml": true,
        "saveJson": true,
        "consoleReporter": "spec",
        "useInlineDiffs": false,
        "code": true
      },
      "version": "7.1.3"
    },
    "marge": {
      "options": {
        "reportDir": "cypress/reports",
        "overwrite": false,
        "html": true,
        "json": true
      },
      "version": "6.2.0"
    }
  }
}