{
  "stats": {
    "suites": 1,
    "tests": 2,
    "passes": 2,
    "pending": 0,
    "failures": 0,
    "start": "2024-05-17T01:01:48.673Z",
    "end": "2024-05-17T01:01:59.255Z",
    "duration": 10582,
    "testsRegistered": 2,
    "passPercent": 100,
    "pendingPercent": 0,
    "other": 0,
    "hasOther": false,
    "skipped": 0,
    "hasSkipped": false
  },
  "results": [
    {
      "uuid": "e78122c2-eaca-4d99-866e-985c6742a6b2",
      "title": "",
      "fullFile": "cypress\\e2e\\TS_008_BODMAS_Rule_Validation.cy.js",
      "file": "cypress\\e2e\\TS_008_BODMAS_Rule_Validation.cy.js",
      "beforeHooks": [],
      "afterHooks": [],
      "tests": [],
      "suites": [
        {
          "uuid": "2c5701ea-fe65-473d-b2ba-3c4cd55cf8e2",
          "title": "GoogleCalculatorTest_BODMAS_Rule",
          "fullFile": "",
          "file": "",
          "beforeHooks": [],
          "afterHooks": [],
          "tests": [
            {
              "title": "TC_001:Check 6 + 8 x 2 - 7 = 15 ",
              "fullTitle": "GoogleCalculatorTest_BODMAS_Rule TC_001:Check 6 + 8 x 2 - 7 = 15 ",
              "timedOut": null,
              "duration": 5287,
              "state": "passed",
              "speed": "medium",
              "pass": true,
              "fail": false,
              "pending": false,
              "context": null,
              "code": "const selectors = ['[jsname=\"abcgof\"]', '[jsname=\"XSr6wc\"]', '[jsname=\"T7PMFe\"]', '[jsname=\"YovRWb\"]', '[jsname=\"lVjWed\"]', '[jsname=\"pPHzQc\"]', '[jsname=\"rk7bOd\"]'];\n// Loop through the array and click each element\nselectors.forEach(selector => {\n  cy.get(selector).click();\n});\n// Verify the result is 6 + 8 × 2 - 7\ncy.get('#cwos').should('have.text', '6 + 8 × 2 - 7');\n//Click on =\ncy.get('[jsname=\"Pt8tGc\"]').click(); //=\n// Verify the result is 1 -\ncy.get('#cwos').should('have.text', '15');\n// Addition test completed\ncy.logSuccess('TC_001: Completed!!');",
              "err": {},
              "uuid": "823e12b9-5f05-4b97-86c8-de6eacf10f9a",
              "parentUUID": "2c5701ea-fe65-473d-b2ba-3c4cd55cf8e2",
              "isHook": false,
              "skipped": false
            },
            {
              "title": "TC_002:Check 6 + 8 ÷ 2 - 7 = 3",
              "fullTitle": "GoogleCalculatorTest_BODMAS_Rule TC_002:Check 6 + 8 ÷ 2 - 7 = 3",
              "timedOut": null,
              "duration": 4669,
              "state": "passed",
              "speed": "fast",
              "pass": true,
              "fail": false,
              "pending": false,
              "context": null,
              "code": "const selectors = ['[jsname=\"abcgof\"]', '[jsname=\"XSr6wc\"]', '[jsname=\"T7PMFe\"]', '[jsname=\"WxTTNd\"]', '[jsname=\"lVjWed\"]', '[jsname=\"pPHzQc\"]', '[jsname=\"rk7bOd\"]'];\n// Loop through the array and click each element\nselectors.forEach(selector => {\n  cy.get(selector).click();\n});\n// Verify the result is 6 + 8 ÷ 2 - 7\ncy.get('#cwos').should('have.text', '6 + 8 ÷ 2 - 7');\n//Click on ÷=\ncy.get('[jsname=\"Pt8tGc\"]').click(); //÷ \n// Verify the result is 1 ÷ \ncy.get('#cwos').should('have.text', '3');\n// Addition test completed\ncy.logSuccess('TC_002: Completed!!');",
              "err": {},
              "uuid": "49612a33-d2de-4b4d-99ba-64c0a2d96672",
              "parentUUID": "2c5701ea-fe65-473d-b2ba-3c4cd55cf8e2",
              "isHook": false,
              "skipped": false
            }
          ],
          "suites": [],
          "passes": [
            "823e12b9-5f05-4b97-86c8-de6eacf10f9a",
            "49612a33-d2de-4b4d-99ba-64c0a2d96672"
          ],
          "failures": [],
          "pending": [],
          "skipped": [],
          "duration": 9956,
          "root": false,
          "rootEmpty": false,
          "_timeout": 2000
        }
      ],
      "passes": [],
      "failures": [],
      "pending": [],
      "skipped": [],
      "duration": 0,
      "root": true,
      "rootEmpty": true,
      "_timeout": 2000
    }
  ],
  "meta": {
    "mocha": {
      "version": "7.0.1"
    },
    "mochawesome": {
      "options": {
        "quiet": false,
        "reportFilename": "mochawesome",
        "saveHtml": true,
        "saveJson": true,
        "consoleReporter": "spec",
        "useInlineDiffs": false,
        "code": true
      },
      "version": "7.1.3"
    },
    "marge": {
      "options": {
        "reportDir": "cypress/reports",
        "overwrite": false,
        "html": true,
        "json": true
      },
      "version": "6.2.0"
    }
  }
}