{
  "stats": {
    "suites": 1,
    "tests": 4,
    "passes": 4,
    "pending": 0,
    "failures": 0,
    "start": "2024-05-16T23:43:27.552Z",
    "end": "2024-05-16T23:43:47.725Z",
    "duration": 20173,
    "testsRegistered": 4,
    "passPercent": 100,
    "pendingPercent": 0,
    "other": 0,
    "hasOther": false,
    "skipped": 0,
    "hasSkipped": false
  },
  "results": [
    {
      "uuid": "49f518c5-1d62-40cf-9ecd-59da0dba05e4",
      "title": "",
      "fullFile": "cypress\\e2e\\TS_003_SubtractionFunctionality.cy.js",
      "file": "cypress\\e2e\\TS_003_SubtractionFunctionality.cy.js",
      "beforeHooks": [],
      "afterHooks": [],
      "tests": [],
      "suites": [
        {
          "uuid": "4f6d9a55-1cbd-49e1-b784-7e0640d37fc0",
          "title": "GoogleCalculatorTest_Subtraction",
          "fullFile": "",
          "file": "",
          "beforeHooks": [],
          "afterHooks": [],
          "tests": [
            {
              "title": "TC_001:Perform Subtraction Operation using Google calculator: 5 - 3 = 2",
              "fullTitle": "GoogleCalculatorTest_Subtraction TC_001:Perform Subtraction Operation using Google calculator: 5 - 3 = 2",
              "timedOut": null,
              "duration": 5340,
              "state": "passed",
              "speed": "medium",
              "pass": true,
              "fail": false,
              "pending": false,
              "context": null,
              "code": "const selectors = ['[jsname=\"Ax5wH\"]', '[jsname=\"pPHzQc\"]', '[jsname=\"KN1kY\"]', '[jsname=\"Pt8tGc\"]'];\n// Loop through the array and click each element\nselectors.forEach(selector => {\n  cy.get(selector).click();\n});\n// Verify the result is 2\ncy.get('#cwos').should('have.text', '2');\n// Subtraction test completed\ncy.logSuccess('TC_001: Completed');",
              "err": {},
              "uuid": "5ab9099c-3e6e-4ec6-bafa-8ccc3a7ebacf",
              "parentUUID": "4f6d9a55-1cbd-49e1-b784-7e0640d37fc0",
              "isHook": false,
              "skipped": false
            },
            {
              "title": "TC_002: Validate negative result with 3-5 = -2",
              "fullTitle": "GoogleCalculatorTest_Subtraction TC_002: Validate negative result with 3-5 = -2",
              "timedOut": null,
              "duration": 4818,
              "state": "passed",
              "speed": "fast",
              "pass": true,
              "fail": false,
              "pending": false,
              "context": null,
              "code": "const selectors = ['[jsname=\"KN1kY\"]', '[jsname=\"pPHzQc\"]', '[jsname=\"Ax5wH\"]', '[jsname=\"Pt8tGc\"]'];\n// Loop through the array and click each element\nselectors.forEach(selector => {\n  cy.get(selector).click();\n});\n// Verify the result is -2\ncy.get('#cwos').should('have.text', '-2');\n// Subtraction test completed\ncy.logSuccess('TC_002: Completed!!');",
              "err": {},
              "uuid": "fe67e543-557a-44dc-9501-75c8372dc14e",
              "parentUUID": "4f6d9a55-1cbd-49e1-b784-7e0640d37fc0",
              "isHook": false,
              "skipped": false
            },
            {
              "title": "TC_003: Validate Subtraction of two negative number : -7-8 = -15",
              "fullTitle": "GoogleCalculatorTest_Subtraction TC_003: Validate Subtraction of two negative number : -7-8 = -15",
              "timedOut": null,
              "duration": 4489,
              "state": "passed",
              "speed": "fast",
              "pass": true,
              "fail": false,
              "pending": false,
              "context": null,
              "code": "const selectors = ['[jsname=\"pPHzQc\"]', '[jsname=\"rk7bOd\"]', '[jsname=\"pPHzQc\"]', '[jsname=\"pPHzQc\"]', '[jsname=\"T7PMFe\"]'];\n// Loop through the array and click each element\nselectors.forEach(selector => {\n  cy.get(selector).click();\n});\n//check entry as \"-7 -8\"\ncy.get('#cwos').should('have.text', '-7 - 8');\n//Press Enter\ncy.get('[jsname=\"Pt8tGc\"]').click(); //=\n//Verify the result is -15\ncy.get('#cwos').should('have.text', '-15');\n// Subtraction test completed\ncy.logSuccess('TC_003: Completed!!');",
              "err": {},
              "uuid": "69f0e760-3692-47d3-a825-7a96aff6b4f9",
              "parentUUID": "4f6d9a55-1cbd-49e1-b784-7e0640d37fc0",
              "isHook": false,
              "skipped": false
            },
            {
              "title": "TC_004: Validate Subtraction of one negative number and one positive number: -8-3 =-11",
              "fullTitle": "GoogleCalculatorTest_Subtraction TC_004: Validate Subtraction of one negative number and one positive number: -8-3 =-11",
              "timedOut": null,
              "duration": 3963,
              "state": "passed",
              "speed": "fast",
              "pass": true,
              "fail": false,
              "pending": false,
              "context": null,
              "code": "const selectors = ['[jsname=\"pPHzQc\"]', '[jsname=\"T7PMFe\"]', '[jsname=\"pPHzQc\"]', '[jsname=\"KN1kY\"]'];\n// Loop through the array and click each element\nselectors.forEach(selector => {\n  cy.get(selector).click();\n});\n//check entry as \"-8 - 3\"\ncy.get('#cwos').should('have.text', '-8 - 3');\n//Press Enter\ncy.get('[jsname=\"Pt8tGc\"]').click(); //=\n//Verify the result is -15\ncy.get('#cwos').should('have.text', '-11');\n// Subtraction test completed\ncy.logSuccess('TC_004: Completed!!');",
              "err": {},
              "uuid": "fc0a407f-a741-4e76-be6e-31e4d3e0dbac",
              "parentUUID": "4f6d9a55-1cbd-49e1-b784-7e0640d37fc0",
              "isHook": false,
              "skipped": false
            }
          ],
          "suites": [],
          "passes": [
            "5ab9099c-3e6e-4ec6-bafa-8ccc3a7ebacf",
            "fe67e543-557a-44dc-9501-75c8372dc14e",
            "69f0e760-3692-47d3-a825-7a96aff6b4f9",
            "fc0a407f-a741-4e76-be6e-31e4d3e0dbac"
          ],
          "failures": [],
          "pending": [],
          "skipped": [],
          "duration": 18610,
          "root": false,
          "rootEmpty": false,
          "_timeout": 2000
        }
      ],
      "passes": [],
      "failures": [],
      "pending": [],
      "skipped": [],
      "duration": 0,
      "root": true,
      "rootEmpty": true,
      "_timeout": 2000
    }
  ],
  "meta": {
    "mocha": {
      "version": "7.0.1"
    },
    "mochawesome": {
      "options": {
        "quiet": false,
        "reportFilename": "mochawesome",
        "saveHtml": true,
        "saveJson": true,
        "consoleReporter": "spec",
        "useInlineDiffs": false,
        "code": true
      },
      "version": "7.1.3"
    },
    "marge": {
      "options": {
        "reportDir": "cypress/reports",
        "overwrite": false,
        "html": true,
        "json": true
      },
      "version": "6.2.0"
    }
  }
}