{
  "stats": {
    "suites": 1,
    "tests": 4,
    "passes": 4,
    "pending": 0,
    "failures": 0,
    "start": "2024-05-17T01:00:48.772Z",
    "end": "2024-05-17T01:01:04.776Z",
    "duration": 16004,
    "testsRegistered": 4,
    "passPercent": 100,
    "pendingPercent": 0,
    "other": 0,
    "hasOther": false,
    "skipped": 0,
    "hasSkipped": false
  },
  "results": [
    {
      "uuid": "fec77e8f-3a7b-4192-94b7-57ebbce5224f",
      "title": "",
      "fullFile": "cypress\\e2e\\TS_004_MultiplyFunctionality.cy.js",
      "file": "cypress\\e2e\\TS_004_MultiplyFunctionality.cy.js",
      "beforeHooks": [],
      "afterHooks": [],
      "tests": [],
      "suites": [
        {
          "uuid": "36e69dd7-0c71-4bea-be8c-c054025e48a0",
          "title": "GoogleCalculatorTest_Multiplication",
          "fullFile": "",
          "file": "",
          "beforeHooks": [],
          "afterHooks": [],
          "tests": [
            {
              "title": "TC_001:Perform Multiplication Operation using Google calculator: 4 x 6 = 24",
              "fullTitle": "GoogleCalculatorTest_Multiplication TC_001:Perform Multiplication Operation using Google calculator: 4 x 6 = 24",
              "timedOut": null,
              "duration": 4382,
              "state": "passed",
              "speed": "fast",
              "pass": true,
              "fail": false,
              "pending": false,
              "context": null,
              "code": "const selectors = ['[jsname=\"xAP7E\"]', '[jsname=\"YovRWb\"]', '[jsname=\"abcgof\"]', '[jsname=\"Pt8tGc\"]'];\n// Loop through the array and click each element\nselectors.forEach(selector => {\n  cy.get(selector).click();\n});\n//  Verify the result is 24\ncy.get('#cwos').should('have.text', '24');\n// Multiplication test completed\ncy.logSuccess('TC_001: Completed!!');",
              "err": {},
              "uuid": "cfeb5e2d-9d9d-4b59-84ca-e2b367311bc0",
              "parentUUID": "36e69dd7-0c71-4bea-be8c-c054025e48a0",
              "isHook": false,
              "skipped": false
            },
            {
              "title": "TC_002:Multiplication with 0: 4 x 0 = 0 ",
              "fullTitle": "GoogleCalculatorTest_Multiplication TC_002:Multiplication with 0: 4 x 0 = 0 ",
              "timedOut": null,
              "duration": 3400,
              "state": "passed",
              "speed": "fast",
              "pass": true,
              "fail": false,
              "pending": false,
              "context": null,
              "code": "const selectors = ['[jsname=\"xAP7E\"]', '[jsname=\"YovRWb\"]', '[jsname=\"bkEvMb\"]', '[jsname=\"Pt8tGc\"]'];\n// Loop through the array and click each element\nselectors.forEach(selector => {\n  cy.get(selector).click();\n});\n// Verify the result is 0\ncy.get('#cwos').should('have.text', '0');\n// Multiplication test completed\ncy.logSuccess('TC_002:Completed!!');",
              "err": {},
              "uuid": "1b20f2da-8538-4886-9a7a-34604bd85b53",
              "parentUUID": "36e69dd7-0c71-4bea-be8c-c054025e48a0",
              "isHook": false,
              "skipped": false
            },
            {
              "title": "TC_003:Multiplication of two negative number : -5x-2=10",
              "fullTitle": "GoogleCalculatorTest_Multiplication TC_003:Multiplication of two negative number : -5x-2=10",
              "timedOut": null,
              "duration": 3892,
              "state": "passed",
              "speed": "fast",
              "pass": true,
              "fail": false,
              "pending": false,
              "context": null,
              "code": "const selectors = ['[jsname=\"pPHzQc\"]', '[jsname=\"Ax5wH\"]', '[jsname=\"YovRWb\"]', '[jsname=\"pPHzQc\"]', '[jsname=\"lVjWed\"]'];\n// Loop through the array and click each element\nselectors.forEach(selector => {\n  cy.get(selector).click();\n});\n// Verify the result is 0\ncy.get('#cwos').should('have.text', '-5 × -2');\n// Press Enter\ncy.get('[jsname=\"Pt8tGc\"]').click(); //=\n// Verify the result is -15\ncy.get('#cwos').should('have.text', '10');\n// Multiplication test completed\ncy.logSuccess('TC_003:Completed!!');",
              "err": {},
              "uuid": "8ca52c33-5f93-4a94-8173-97ae2dabc2cc",
              "parentUUID": "36e69dd7-0c71-4bea-be8c-c054025e48a0",
              "isHook": false,
              "skipped": false
            },
            {
              "title": "TC_004:Multiplication of one negative number and one positive number: -5x6=-30",
              "fullTitle": "GoogleCalculatorTest_Multiplication TC_004:Multiplication of one negative number and one positive number: -5x6=-30",
              "timedOut": null,
              "duration": 3118,
              "state": "passed",
              "speed": "fast",
              "pass": true,
              "fail": false,
              "pending": false,
              "context": null,
              "code": "const selectors = ['[jsname=\"pPHzQc\"]', '[jsname=\"Ax5wH\"]', '[jsname=\"YovRWb\"]', '[jsname=\"abcgof\"]'];\n// Loop through the array and click each element\nselectors.forEach(selector => {\n  cy.get(selector).click();\n});\n// Verify the result is 0\ncy.get('#cwos').should('have.text', '-5 × 6');\n// Press Enter\ncy.get('[jsname=\"Pt8tGc\"]').click(); //=\n// Verify the result is -15\ncy.get('#cwos').should('have.text', '-30');\n// Multiplication test completed\ncy.logSuccess('TC_004:Completed!!');",
              "err": {},
              "uuid": "680a19d2-ec75-46e2-981c-6c758582e1be",
              "parentUUID": "36e69dd7-0c71-4bea-be8c-c054025e48a0",
              "isHook": false,
              "skipped": false
            }
          ],
          "suites": [],
          "passes": [
            "cfeb5e2d-9d9d-4b59-84ca-e2b367311bc0",
            "1b20f2da-8538-4886-9a7a-34604bd85b53",
            "8ca52c33-5f93-4a94-8173-97ae2dabc2cc",
            "680a19d2-ec75-46e2-981c-6c758582e1be"
          ],
          "failures": [],
          "pending": [],
          "skipped": [],
          "duration": 14792,
          "root": false,
          "rootEmpty": false,
          "_timeout": 2000
        }
      ],
      "passes": [],
      "failures": [],
      "pending": [],
      "skipped": [],
      "duration": 0,
      "root": true,
      "rootEmpty": true,
      "_timeout": 2000
    }
  ],
  "meta": {
    "mocha": {
      "version": "7.0.1"
    },
    "mochawesome": {
      "options": {
        "quiet": false,
        "reportFilename": "mochawesome",
        "saveHtml": true,
        "saveJson": true,
        "consoleReporter": "spec",
        "useInlineDiffs": false,
        "code": true
      },
      "version": "7.1.3"
    },
    "marge": {
      "options": {
        "reportDir": "cypress/reports",
        "overwrite": false,
        "html": true,
        "json": true
      },
      "version": "6.2.0"
    }
  }
}