{
  "stats": {
    "suites": 1,
    "tests": 4,
    "passes": 4,
    "pending": 0,
    "failures": 0,
    "start": "2024-05-17T00:59:57.889Z",
    "end": "2024-05-17T01:00:20.082Z",
    "duration": 22193,
    "testsRegistered": 4,
    "passPercent": 100,
    "pendingPercent": 0,
    "other": 0,
    "hasOther": false,
    "skipped": 0,
    "hasSkipped": false
  },
  "results": [
    {
      "uuid": "10f0093c-f77f-4db0-acd1-7ce7de46032c",
      "title": "",
      "fullFile": "cypress\\e2e\\TS_002_AddFunctionality.cy.js",
      "file": "cypress\\e2e\\TS_002_AddFunctionality.cy.js",
      "beforeHooks": [],
      "afterHooks": [],
      "tests": [],
      "suites": [
        {
          "uuid": "e997874a-8fbb-4fa3-bae8-b2fe8bfc88c7",
          "title": "GoogleCalculatorTest_Addition",
          "fullFile": "",
          "file": "",
          "beforeHooks": [],
          "afterHooks": [],
          "tests": [
            {
              "title": "TC_001:Perform Add Operation using Google calculator: 1 + 2 =3 ",
              "fullTitle": "GoogleCalculatorTest_Addition TC_001:Perform Add Operation using Google calculator: 1 + 2 =3 ",
              "timedOut": null,
              "duration": 5353,
              "state": "passed",
              "speed": "medium",
              "pass": true,
              "fail": false,
              "pending": false,
              "context": null,
              "code": "const selectors = ['[jsname=\"N10B9\"]', '[jsname=\"XSr6wc\"]', '[jsname=\"lVjWed\"]', '[jsname=\"Pt8tGc\"]'];\n// Loop through the array and click each element\nselectors.forEach(selector => {\n  cy.get(selector).click();\n});\n// Verify the result is 3\ncy.get('#cwos').should('have.text', '3');\n// Addition test completed\ncy.logSuccess('TC_001: Completed!!');",
              "err": {},
              "uuid": "33377e50-e58a-40f2-828f-6f954aa0e28a",
              "parentUUID": "e997874a-8fbb-4fa3-bae8-b2fe8bfc88c7",
              "isHook": false,
              "skipped": false
            },
            {
              "title": "TC_002:Addition of 0 : 1 + 0 = 1 ",
              "fullTitle": "GoogleCalculatorTest_Addition TC_002:Addition of 0 : 1 + 0 = 1 ",
              "timedOut": null,
              "duration": 5341,
              "state": "passed",
              "speed": "medium",
              "pass": true,
              "fail": false,
              "pending": false,
              "context": null,
              "code": "const selectors = ['[jsname=\"N10B9\"]', '[jsname=\"XSr6wc\"]', '[jsname=\"bkEvMb\"]', '[jsname=\"Pt8tGc\"]'];\n// Loop through the array and click each element\nselectors.forEach(selector => {\n  cy.get(selector).click();\n});\n// Verify the result is 1\ncy.get('#cwos').should('have.text', '1');\n// Addition test completed\ncy.logSuccess('TC_002: Completed!!');",
              "err": {},
              "uuid": "821f6c20-16a7-4a7e-8d17-57d4b9506199",
              "parentUUID": "e997874a-8fbb-4fa3-bae8-b2fe8bfc88c7",
              "isHook": false,
              "skipped": false
            },
            {
              "title": "TC_003:Addition of two negative number : -2 -3 = -5",
              "fullTitle": "GoogleCalculatorTest_Addition TC_003:Addition of two negative number : -2 -3 = -5",
              "timedOut": null,
              "duration": 5020,
              "state": "passed",
              "speed": "medium",
              "pass": true,
              "fail": false,
              "pending": false,
              "context": null,
              "code": "const selectors = ['[jsname=\"pPHzQc\"]', '[jsname=\"lVjWed\"]', '[jsname=\"XSr6wc\"]', '[jsname=\"pPHzQc\"]', '[jsname=\"KN1kY\"]'];\n// Loop through the array and click each element\nselectors.forEach(selector => {\n  cy.get(selector).click();\n});\n//check entry as \"-2-3\"\ncy.get('#cwos').should('have.text', '-2 - 3');\n//Press Enter\ncy.get('[jsname=\"Pt8tGc\"]').click(); //=\n// Verify the result is -5\ncy.get('#cwos').should('have.text', '-5');\n// Addition test completed\ncy.logSuccess('TC_003: Completed!!');",
              "err": {},
              "uuid": "b0eb1522-b007-4d2f-9322-b90bfe000ac1",
              "parentUUID": "e997874a-8fbb-4fa3-bae8-b2fe8bfc88c7",
              "isHook": false,
              "skipped": false
            },
            {
              "title": "TC_004:Addition of one negative number and positive number : -6 + 3 = -3",
              "fullTitle": "GoogleCalculatorTest_Addition TC_004:Addition of one negative number and positive number : -6 + 3 = -3",
              "timedOut": null,
              "duration": 4874,
              "state": "passed",
              "speed": "fast",
              "pass": true,
              "fail": false,
              "pending": false,
              "context": null,
              "code": "const selectors = ['[jsname=\"pPHzQc\"]', '[jsname=\"abcgof\"]', '[jsname=\"XSr6wc\"]', '[jsname=\"KN1kY\"]'];\n// Loop through the array and click each element\nselectors.forEach(selector => {\n  cy.get(selector).click();\n});\n// check entry as \"-6+3\"\ncy.get('#cwos').should('have.text', '-6 + 3');\n// Press Enter\ncy.get('[jsname=\"Pt8tGc\"]').click(); //=\n// Verify the result is -3\ncy.get('#cwos').should('have.text', '-3');\n// Addition test completed\ncy.logSuccess('TC_004: Completed!!');",
              "err": {},
              "uuid": "b2349dcd-304c-4a12-b0fa-0d1170716aa2",
              "parentUUID": "e997874a-8fbb-4fa3-bae8-b2fe8bfc88c7",
              "isHook": false,
              "skipped": false
            }
          ],
          "suites": [],
          "passes": [
            "33377e50-e58a-40f2-828f-6f954aa0e28a",
            "821f6c20-16a7-4a7e-8d17-57d4b9506199",
            "b0eb1522-b007-4d2f-9322-b90bfe000ac1",
            "b2349dcd-304c-4a12-b0fa-0d1170716aa2"
          ],
          "failures": [],
          "pending": [],
          "skipped": [],
          "duration": 20588,
          "root": false,
          "rootEmpty": false,
          "_timeout": 2000
        }
      ],
      "passes": [],
      "failures": [],
      "pending": [],
      "skipped": [],
      "duration": 0,
      "root": true,
      "rootEmpty": true,
      "_timeout": 2000
    }
  ],
  "meta": {
    "mocha": {
      "version": "7.0.1"
    },
    "mochawesome": {
      "options": {
        "quiet": false,
        "reportFilename": "mochawesome",
        "saveHtml": true,
        "saveJson": true,
        "consoleReporter": "spec",
        "useInlineDiffs": false,
        "code": true
      },
      "version": "7.1.3"
    },
    "marge": {
      "options": {
        "reportDir": "cypress/reports",
        "overwrite": false,
        "html": true,
        "json": true
      },
      "version": "6.2.0"
    }
  }
}