{
  "stats": {
    "suites": 1,
    "tests": 5,
    "passes": 5,
    "pending": 0,
    "failures": 0,
    "start": "2024-05-16T23:44:09.860Z",
    "end": "2024-05-16T23:44:31.259Z",
    "duration": 21399,
    "testsRegistered": 5,
    "passPercent": 100,
    "pendingPercent": 0,
    "other": 0,
    "hasOther": false,
    "skipped": 0,
    "hasSkipped": false
  },
  "results": [
    {
      "uuid": "62b3aa7b-4324-45b1-9613-4b0cfc672df6",
      "title": "",
      "fullFile": "cypress\\e2e\\TS_005_DivisionFunctionality.cy.js",
      "file": "cypress\\e2e\\TS_005_DivisionFunctionality.cy.js",
      "beforeHooks": [],
      "afterHooks": [],
      "tests": [],
      "suites": [
        {
          "uuid": "01000230-4547-4d20-aee5-003485a713a0",
          "title": "GoogleCalculatorTest_Division",
          "fullFile": "",
          "file": "",
          "beforeHooks": [],
          "afterHooks": [],
          "tests": [
            {
              "title": "TC_001:Perform Division Operation using Google calculator: 8 / 2 = 4",
              "fullTitle": "GoogleCalculatorTest_Division TC_001:Perform Division Operation using Google calculator: 8 / 2 = 4",
              "timedOut": null,
              "duration": 3984,
              "state": "passed",
              "speed": "fast",
              "pass": true,
              "fail": false,
              "pending": false,
              "context": null,
              "code": "const selectors = ['[jsname=\"T7PMFe\"]', '[jsname=\"WxTTNd\"]', '[jsname=\"lVjWed\"]', '[jsname=\"Pt8tGc\"]'];\n// Loop through the array and click each element\nselectors.forEach(selector => {\n  cy.get(selector).click();\n});\n// Verify the result is 4\ncy.get('#cwos').should('have.text', '4');\n// Division test completed\ncy.logSuccess('TC_001:Completed!!');",
              "err": {},
              "uuid": "4e245942-2f99-4410-bd72-7df6472e81c0",
              "parentUUID": "01000230-4547-4d20-aee5-003485a713a0",
              "isHook": false,
              "skipped": false
            },
            {
              "title": "TC_002: Division by 0: 8 / 0 = Infinity",
              "fullTitle": "GoogleCalculatorTest_Division TC_002: Division by 0: 8 / 0 = Infinity",
              "timedOut": null,
              "duration": 4165,
              "state": "passed",
              "speed": "fast",
              "pass": true,
              "fail": false,
              "pending": false,
              "context": null,
              "code": "const selectors = ['[jsname=\"T7PMFe\"]', '[jsname=\"WxTTNd\"]', '[jsname=\"bkEvMb\"]', '[jsname=\"Pt8tGc\"]'];\n// Loop through the array and click each element\nselectors.forEach(selector => {\n  cy.get(selector).click();\n});\n// Verify the result is Infinity\ncy.get('#cwos').should('have.text', 'Infinity');\n// Division test completed\ncy.logSuccess('TC_002:Completed!!');",
              "err": {},
              "uuid": "0a707cbe-4c46-4d64-b482-a8db560508b2",
              "parentUUID": "01000230-4547-4d20-aee5-003485a713a0",
              "isHook": false,
              "skipped": false
            },
            {
              "title": "TC_003: Division with 0: 0 / 2 = 0",
              "fullTitle": "GoogleCalculatorTest_Division TC_003: Division with 0: 0 / 2 = 0",
              "timedOut": null,
              "duration": 3751,
              "state": "passed",
              "speed": "fast",
              "pass": true,
              "fail": false,
              "pending": false,
              "context": null,
              "code": "const selectors = ['[jsname=\"bkEvMb\"]', '[jsname=\"WxTTNd\"]', '[jsname=\"lVjWed\"]', '[jsname=\"Pt8tGc\"]'];\n// Loop through the array and click each element\nselectors.forEach(selector => {\n  cy.get(selector).click();\n});\n// Verify the result is 4\ncy.get('#cwos').should('have.text', '0');\n// Division test completed\ncy.logSuccess('TC_003:Completed!!');",
              "err": {},
              "uuid": "d6f1faf6-d0bb-4b15-9b8e-de390702ae6d",
              "parentUUID": "01000230-4547-4d20-aee5-003485a713a0",
              "isHook": false,
              "skipped": false
            },
            {
              "title": "TC_004:Division of two negative number : -4 ÷ -2 = 2",
              "fullTitle": "GoogleCalculatorTest_Division TC_004:Division of two negative number : -4 ÷ -2 = 2",
              "timedOut": null,
              "duration": 4278,
              "state": "passed",
              "speed": "fast",
              "pass": true,
              "fail": false,
              "pending": false,
              "context": null,
              "code": "const selectors = ['[jsname=\"pPHzQc\"]', '[jsname=\"xAP7E\"]', '[jsname=\"WxTTNd\"]', '[jsname=\"pPHzQc\"]', '[jsname=\"lVjWed\"]'];\n// Loop through the array and click each element\nselectors.forEach(selector => {\n  cy.get(selector).click();\n});\n// Verify the result is -4 ÷ -2\ncy.get('#cwos').should('have.text', '-4 ÷ -2');\n// Press =\ncy.get('[jsname=\"Pt8tGc\"]').click(); //=\n// Verify the result is 2\ncy.get('#cwos').should('have.text', '2');\n// Division test completed\ncy.logSuccess('TC_004:Completed!!');",
              "err": {},
              "uuid": "ba702adc-8357-4ce9-8d09-332b755b8eb3",
              "parentUUID": "01000230-4547-4d20-aee5-003485a713a0",
              "isHook": false,
              "skipped": false
            },
            {
              "title": "TC_005:Diivision of one negative number and one positive number: -9 ÷ 3 = -3",
              "fullTitle": "GoogleCalculatorTest_Division TC_005:Diivision of one negative number and one positive number: -9 ÷ 3 = -3",
              "timedOut": null,
              "duration": 3657,
              "state": "passed",
              "speed": "fast",
              "pass": true,
              "fail": false,
              "pending": false,
              "context": null,
              "code": "const selectors = ['[jsname=\"pPHzQc\"]', '[jsname=\"XoxYJ\"]', '[jsname=\"WxTTNd\"]', '[jsname=\"KN1kY\"]'];\n// Loop through the array and click each element\nselectors.forEach(selector => {\n  cy.get(selector).click();\n});\n// Verify the result is -9 ÷ 3\ncy.get('#cwos').should('have.text', '-9 ÷ 3');\n// Press =\ncy.get('[jsname=\"Pt8tGc\"]').click(); //=\n// Verify the result is -3\ncy.get('#cwos').should('have.text', '-3');\n// Division test completed\ncy.logSuccess('TC_005:Completed!!');",
              "err": {},
              "uuid": "b069c845-322b-437b-9baf-2913ec8c324c",
              "parentUUID": "01000230-4547-4d20-aee5-003485a713a0",
              "isHook": false,
              "skipped": false
            }
          ],
          "suites": [],
          "passes": [
            "4e245942-2f99-4410-bd72-7df6472e81c0",
            "0a707cbe-4c46-4d64-b482-a8db560508b2",
            "d6f1faf6-d0bb-4b15-9b8e-de390702ae6d",
            "ba702adc-8357-4ce9-8d09-332b755b8eb3",
            "b069c845-322b-437b-9baf-2913ec8c324c"
          ],
          "failures": [],
          "pending": [],
          "skipped": [],
          "duration": 19835,
          "root": false,
          "rootEmpty": false,
          "_timeout": 2000
        }
      ],
      "passes": [],
      "failures": [],
      "pending": [],
      "skipped": [],
      "duration": 0,
      "root": true,
      "rootEmpty": true,
      "_timeout": 2000
    }
  ],
  "meta": {
    "mocha": {
      "version": "7.0.1"
    },
    "mochawesome": {
      "options": {
        "quiet": false,
        "reportFilename": "mochawesome",
        "saveHtml": true,
        "saveJson": true,
        "consoleReporter": "spec",
        "useInlineDiffs": false,
        "code": true
      },
      "version": "7.1.3"
    },
    "marge": {
      "options": {
        "reportDir": "cypress/reports",
        "overwrite": false,
        "html": true,
        "json": true
      },
      "version": "6.2.0"
    }
  }
}